Using pre-set license
Built from '2020.3/staging' branch; Version is '2020.3.18f1 (a7d1c678663c) revision 10998214'; Using compiler version '192528614'; Build Type 'Release'
OS: 'Windows 10 Pro; OS build 19043.1288; Version 2009; 64bit' Language: 'en' Physical Memory: 8109 MB
BatchMode: 1, IsHumanControllingUs: 0, StartBugReporterOnCrash: 0, Is64bit: 1, IsPro: 0

COMMAND LINE ARGUMENTS:
C:\Program Files\Unity\Hub\Editor\2020.3.17f1\Editor\Unity.exe
-adb2
-batchMode
-noUpm
-name
AssetImportWorker0
-projectPath
C:/Users/samee/OneDrive/Desktop/unity stuff/tutorial_1.5/Tutorial_2
-logFile
Logs/AssetImportWorker0.log
-srvPort
50398
Successfully changed project path to: C:/Users/samee/OneDrive/Desktop/unity stuff/tutorial_1.5/Tutorial_2
C:/Users/samee/OneDrive/Desktop/unity stuff/tutorial_1.5/Tutorial_2
Using Asset Import Pipeline V2.
Refreshing native plugins compatible for Editor in 61.13 ms, found 3 plugins.
Preloading 0 native plugins for Editor in 0.00 ms.
Initialize engine version: 2020.3.18f1 (a7d1c678663c)
[Subsystems] Discovering subsystems at path C:/Program Files/Unity/Hub/Editor/2020.3.17f1/Editor/Data/Resources/UnitySubsystems
[Subsystems] Discovering subsystems at path C:/Users/samee/OneDrive/Desktop/unity stuff/tutorial_1.5/Tutorial_2/Assets
GfxDevice: creating device client; threaded=0
Direct3D:
    Version:  Direct3D 11.0 [level 11.1]
    Renderer: NVIDIA GeForce GTX 1050 (ID=0x1c8d)
    Vendor:   
    VRAM:     1979 MB
    Driver:   27.21.14.6140
Initialize mono
Mono path[0] = 'C:/Program Files/Unity/Hub/Editor/2020.3.17f1/Editor/Data/Managed'
Mono path[1] = 'C:/Program Files/Unity/Hub/Editor/2020.3.17f1/Editor/Data/MonoBleedingEdge/lib/mono/unityjit'
Mono config path = 'C:/Program Files/Unity/Hub/Editor/2020.3.17f1/Editor/Data/MonoBleedingEdge/etc'
Using monoOptions --debugger-agent=transport=dt_socket,embedding=1,server=y,suspend=n,address=127.0.0.1:56864
Begin MonoManager ReloadAssembly
Registering precompiled unity dll's ...
Register platform support module: C:/Program Files/Unity/Hub/Editor/2020.3.17f1/Editor/Data/PlaybackEngines/WindowsStandaloneSupport/UnityEditor.WindowsStandalone.Extensions.dll
Registered in 0.003463 seconds.
Native extension for WindowsStandalone target not found
Refreshing native plugins compatible for Editor in 59.45 ms, found 3 plugins.
Preloading 0 native plugins for Editor in 0.00 ms.
Mono: successfully reloaded assembly
- Completed reload, in  2.515 seconds
Domain Reload Profiling:
	ReloadAssembly (2516ms)
		BeginReloadAssembly (104ms)
			ExecutionOrderSort (0ms)
			DisableScriptedObjects (0ms)
			BackupInstance (0ms)
			ReleaseScriptingObjects (0ms)
			CreateAndSetChildDomain (2ms)
		EndReloadAssembly (631ms)
			LoadAssemblies (99ms)
			RebuildTransferFunctionScriptingTraits (0ms)
			SetupTypeCache (230ms)
			ReleaseScriptCaches (0ms)
			RebuildScriptCaches (46ms)
			SetupLoadedEditorAssemblies (247ms)
				LogAssemblyErrors (0ms)
				InitializePlatformSupportModulesInManaged (6ms)
				SetLoadedEditorAssemblies (0ms)
				RefreshPlugins (60ms)
				BeforeProcessingInitializeOnLoad (20ms)
				ProcessInitializeOnLoadAttributes (121ms)
				ProcessInitializeOnLoadMethodAttributes (41ms)
				AfterProcessingInitializeOnLoad (0ms)
				EditorAssembliesLoaded (0ms)
			ExecutionOrderSort2 (0ms)
			AwakeInstancesAfterBackupRestoration (0ms)
Platform modules already initialized, skipping
Registering precompiled user dll's ...
Registered in 0.006070 seconds.
Begin MonoManager ReloadAssembly
Native extension for WindowsStandalone target not found
Refreshing native plugins compatible for Editor in 56.79 ms, found 3 plugins.
Preloading 0 native plugins for Editor in 0.00 ms.
Mono: successfully reloaded assembly
- Completed reload, in  1.711 seconds
Domain Reload Profiling:
	ReloadAssembly (1712ms)
		BeginReloadAssembly (226ms)
			ExecutionOrderSort (0ms)
			DisableScriptedObjects (6ms)
			BackupInstance (0ms)
			ReleaseScriptingObjects (0ms)
			CreateAndSetChildDomain (28ms)
		EndReloadAssembly (1370ms)
			LoadAssemblies (143ms)
			RebuildTransferFunctionScriptingTraits (0ms)
			SetupTypeCache (447ms)
			ReleaseScriptCaches (1ms)
			RebuildScriptCaches (78ms)
			SetupLoadedEditorAssemblies (522ms)
				LogAssemblyErrors (0ms)
				InitializePlatformSupportModulesInManaged (5ms)
				SetLoadedEditorAssemblies (0ms)
				RefreshPlugins (57ms)
				BeforeProcessingInitializeOnLoad (115ms)
				ProcessInitializeOnLoadAttributes (314ms)
				ProcessInitializeOnLoadMethodAttributes (21ms)
				AfterProcessingInitializeOnLoad (10ms)
				EditorAssembliesLoaded (0ms)
			ExecutionOrderSort2 (0ms)
			AwakeInstancesAfterBackupRestoration (10ms)
Platform modules already initialized, skipping
========================================================================
Worker process is ready to serve import requests
Launched and connected shader compiler UnityShaderCompiler.exe after 0.11 seconds
Refreshing native plugins compatible for Editor in 0.56 ms, found 3 plugins.
Preloading 0 native plugins for Editor in 0.00 ms.
Unloading 2106 Unused Serialized files (Serialized files now loaded: 0)
System memory in use before: 95.4 MB.
System memory in use after: 95.5 MB.

Unloading 25 unused Assets to reduce memory usage. Loaded Objects now: 2547.
Total: 3.945300 ms (FindLiveObjects: 0.233500 ms CreateObjectMapping: 0.102800 ms MarkObjects: 3.575000 ms  DeleteObjects: 0.032900 ms)

AssetImportParameters requested are different than current active one (requested -> active):
  custom:framework-win-MediaFoundation: 216162199b28c13a410421893ffa2e32 -> 
  custom:video-decoder-ogg-theora: a1e56fd34408186e4bbccfd4996cb3dc -> 
  custom:container-muxer-webm: aa71ff27fc2769a1b78a27578f13a17b -> 
  custom:container-demuxer-webm: 4f35f7cbe854078d1ac9338744f61a02 -> 
  custom:container-demuxer-ogg: 62fdf1f143b41e24485cea50d1cbac27 -> 
  custom:video-encoder-webm-vp8: eb34c28f22e8b96e1ab97ce403110664 -> 
  custom:video-codec-MediaFoundation-h265: 746d11721c4dcdbdad8f713fa42b33f4 -> 
  custom:video-decoder-webm-vp8: 9c59270c3fd7afecdb556c50c9e8de78 -> 
  custom:audio-decoder-ogg-vorbis: bf7c407c2cedff20999df2af8eb42d56 -> 
  custom:audio-encoder-webm-vorbis: bf7c407c2cedff20999df2af8eb42d56 -> 
========================================================================
Received Import Request.
  path: Assets/TextMesh Pro
  artifactKey: Guid(f54d1bd14bd3ca042bd867b519fee8cc) Importer(815301076,1909f56bfc062723c751e8b465ee728b)
Start importing Assets/TextMesh Pro using Guid(f54d1bd14bd3ca042bd867b519fee8cc) Importer(815301076,1909f56bfc062723c751e8b465ee728b)  -> (artifact id: '16b4cbde9565bf190136f1148817e1ea') in 0.017835 seconds 
  Import took 0.027482 seconds .

========================================================================
Received Import Request.
  Time since last request: 6.967243 seconds.
  path: Assets/Sprites
  artifactKey: Guid(7a441d14b150aed44840097a934d5e5f) Importer(815301076,1909f56bfc062723c751e8b465ee728b)
Start importing Assets/Sprites using Guid(7a441d14b150aed44840097a934d5e5f) Importer(815301076,1909f56bfc062723c751e8b465ee728b)  -> (artifact id: '30e2d42e61aeea830a685c7daee7ab09') in 0.016465 seconds 
  Import took 0.023996 seconds .

========================================================================
Received Import Request.
  Time since last request: 156.785052 seconds.
  path: Assets/Sprites/Dead (1).png
  artifactKey: Guid(9afbde1c10f37614f959a4de0e14fcc8) Importer(815301076,1909f56bfc062723c751e8b465ee728b)
Start importing Assets/Sprites/Dead (1).png using Guid(9afbde1c10f37614f959a4de0e14fcc8) Importer(815301076,1909f56bfc062723c751e8b465ee728b)  -> (artifact id: 'd0dd62652fe9651490bf811a3f1426fa') in 0.413020 seconds 
  Import took 0.440032 seconds .

========================================================================
Received Import Request.
  Time since last request: 0.003357 seconds.
  path: Assets/Sprites/Fall (8).png
  artifactKey: Guid(b9e2a9a7187bacb49bbf5a633e136f90) Importer(815301076,1909f56bfc062723c751e8b465ee728b)
Start importing Assets/Sprites/Fall (8).png using Guid(b9e2a9a7187bacb49bbf5a633e136f90) Importer(815301076,1909f56bfc062723c751e8b465ee728b)  -> (artifact id: '509bc5f36ca547ba7f3af7afe9da5554') in 0.138726 seconds 
  Import took 0.283295 seconds .

========================================================================
Received Import Request.
  Time since last request: 0.000292 seconds.
  path: Assets/Sprites/Dead (6).png
  artifactKey: Guid(3d5316d76eaa8954b93aa129428b13b1) Importer(815301076,1909f56bfc062723c751e8b465ee728b)
Start importing Assets/Sprites/Dead (6).png using Guid(3d5316d76eaa8954b93aa129428b13b1) Importer(815301076,1909f56bfc062723c751e8b465ee728b)  -> (artifact id: 'b342b14e69faf2eaa287afaa08a6b56f') in 0.057324 seconds 
  Import took 0.094862 seconds .

========================================================================
Received Import Request.
  Time since last request: 0.000486 seconds.
  path: Assets/Sprites/Dead (8).png
  artifactKey: Guid(c549789c756f216469be608585b25ab2) Importer(815301076,1909f56bfc062723c751e8b465ee728b)
Start importing Assets/Sprites/Dead (8).png using Guid(c549789c756f216469be608585b25ab2) Importer(815301076,1909f56bfc062723c751e8b465ee728b)  -> (artifact id: '1a35f12f4804c9bbc67886446659f626') in 0.139254 seconds 
  Import took 0.157130 seconds .

========================================================================
Received Import Request.
  Time since last request: 0.000457 seconds.
  path: Assets/Sprites/Dead (2).png
  artifactKey: Guid(ad264e6dc1caabe4d8478b629c298f59) Importer(815301076,1909f56bfc062723c751e8b465ee728b)
Start importing Assets/Sprites/Dead (2).png using Guid(ad264e6dc1caabe4d8478b629c298f59) Importer(815301076,1909f56bfc062723c751e8b465ee728b)  -> (artifact id: '6db99afe04dc4afa482e33dd81d88034') in 0.035293 seconds 
  Import took 0.048155 seconds .

========================================================================
Received Import Request.
  Time since last request: 0.000407 seconds.
  path: Assets/Sprites/Dead (7).png
  artifactKey: Guid(e2dc6ff07641bf343b47908cc9dc9e7a) Importer(815301076,1909f56bfc062723c751e8b465ee728b)
Start importing Assets/Sprites/Dead (7).png using Guid(e2dc6ff07641bf343b47908cc9dc9e7a) Importer(815301076,1909f56bfc062723c751e8b465ee728b)  -> (artifact id: 'd2d51eac821d8e903d294f677c70cf90') in 0.055689 seconds 
  Import took 0.063719 seconds .

========================================================================
Received Import Request.
  Time since last request: 0.000301 seconds.
  path: Assets/Sprites/Dead (9).png
  artifactKey: Guid(2e31d0c7c97d7344481ac8320a2f2e0d) Importer(815301076,1909f56bfc062723c751e8b465ee728b)
Start importing Assets/Sprites/Dead (9).png using Guid(2e31d0c7c97d7344481ac8320a2f2e0d) Importer(815301076,1909f56bfc062723c751e8b465ee728b)  -> (artifact id: 'af2b47379baa548e974fdc6bf15384a6') in 0.041160 seconds 
  Import took 0.054117 seconds .

========================================================================
Received Import Request.
  Time since last request: 0.001002 seconds.
  path: Assets/Sprites/Fall (4).png
  artifactKey: Guid(498047240358ecf41aa60bb141a82424) Importer(815301076,1909f56bfc062723c751e8b465ee728b)
Start importing Assets/Sprites/Fall (4).png using Guid(498047240358ecf41aa60bb141a82424) Importer(815301076,1909f56bfc062723c751e8b465ee728b)  -> (artifact id: '7ff69894ebee4fc24fbe56a2eb28ffa5') in 0.051591 seconds 
  Import took 0.061652 seconds .

========================================================================
Received Import Request.
  Time since last request: 0.000273 seconds.
  path: Assets/Sprites/Fall (7).png
  artifactKey: Guid(a08a886bfcfbb4147920d11f57cbe175) Importer(815301076,1909f56bfc062723c751e8b465ee728b)
Start importing Assets/Sprites/Fall (7).png using Guid(a08a886bfcfbb4147920d11f57cbe175) Importer(815301076,1909f56bfc062723c751e8b465ee728b)  -> (artifact id: '69a940128165c9074457e935ab5ceaee') in 0.023575 seconds 
  Import took 0.030610 seconds .

========================================================================
Received Import Request.
  Time since last request: 0.000257 seconds.
  path: Assets/Sprites/Dead (3).png
  artifactKey: Guid(1e1bd1f0414c4c04db2f6fc66c78e06e) Importer(815301076,1909f56bfc062723c751e8b465ee728b)
Start importing Assets/Sprites/Dead (3).png using Guid(1e1bd1f0414c4c04db2f6fc66c78e06e) Importer(815301076,1909f56bfc062723c751e8b465ee728b)  -> (artifact id: 'c83cf0398ee3efee61e5ce5fd58c597d') in 0.022819 seconds 
  Import took 0.029036 seconds .

========================================================================
Received Import Request.
  Time since last request: 0.000264 seconds.
  path: Assets/Sprites/Fall (1).png
  artifactKey: Guid(c8cbbd24655fc26469cb05ca77fd5806) Importer(815301076,1909f56bfc062723c751e8b465ee728b)
Start importing Assets/Sprites/Fall (1).png using Guid(c8cbbd24655fc26469cb05ca77fd5806) Importer(815301076,1909f56bfc062723c751e8b465ee728b)  -> (artifact id: '71546b27c305b33c31ea6347ce8d459a') in 0.022557 seconds 
  Import took 0.027702 seconds .

========================================================================
Received Import Request.
  Time since last request: 0.000269 seconds.
  path: Assets/Sprites/Fall (6).png
  artifactKey: Guid(560ba4512a0379f4eaf09e6338f0dc82) Importer(815301076,1909f56bfc062723c751e8b465ee728b)
Start importing Assets/Sprites/Fall (6).png using Guid(560ba4512a0379f4eaf09e6338f0dc82) Importer(815301076,1909f56bfc062723c751e8b465ee728b)  -> (artifact id: '43090ad18512347d694cc8356d967856') in 0.031519 seconds 
  Import took 0.039408 seconds .

========================================================================
Received Import Request.
  Time since last request: 0.000306 seconds.
  path: Assets/Sprites/Fall (3).png
  artifactKey: Guid(838ce308e2359054080af8fa4de6865f) Importer(815301076,1909f56bfc062723c751e8b465ee728b)
Start importing Assets/Sprites/Fall (3).png using Guid(838ce308e2359054080af8fa4de6865f) Importer(815301076,1909f56bfc062723c751e8b465ee728b)  -> (artifact id: '281a715f24d4fb060e56d2e19ad934dd') in 0.032971 seconds 
  Import took 0.041053 seconds .

========================================================================
Received Import Request.
  Time since last request: 0.000272 seconds.
  path: Assets/Sprites/Dead (4).png
  artifactKey: Guid(7f582c4ef1a36ee47beda0a1c25e252b) Importer(815301076,1909f56bfc062723c751e8b465ee728b)
Start importing Assets/Sprites/Dead (4).png using Guid(7f582c4ef1a36ee47beda0a1c25e252b) Importer(815301076,1909f56bfc062723c751e8b465ee728b)  -> (artifact id: '0117f207fad868d435d2600fc5e1c099') in 0.023547 seconds 
  Import took 0.030352 seconds .

========================================================================
Received Import Request.
  Time since last request: 0.000246 seconds.
  path: Assets/Sprites/Hurt (2).png
  artifactKey: Guid(282ae7db480bfba4b92b65941f1f995c) Importer(815301076,1909f56bfc062723c751e8b465ee728b)
Start importing Assets/Sprites/Hurt (2).png using Guid(282ae7db480bfba4b92b65941f1f995c) Importer(815301076,1909f56bfc062723c751e8b465ee728b)  -> (artifact id: 'dece43ac6b19862e9b40a7eb36ba3b01') in 0.024435 seconds 
  Import took 0.032379 seconds .

========================================================================
Received Import Request.
  Time since last request: 0.000294 seconds.
  path: Assets/Sprites/Dead (10).png
  artifactKey: Guid(3bf44da115c0415448283d7cfca0fd61) Importer(815301076,1909f56bfc062723c751e8b465ee728b)
Start importing Assets/Sprites/Dead (10).png using Guid(3bf44da115c0415448283d7cfca0fd61) Importer(815301076,1909f56bfc062723c751e8b465ee728b)  -> (artifact id: 'a95caacad2374d2f21363622afd86767') in 0.021640 seconds 
  Import took 0.028626 seconds .

========================================================================
Received Import Request.
  Time since last request: 0.000231 seconds.
  path: Assets/Sprites/Dead (5).png
  artifactKey: Guid(987db29dea6b6284cb7ec005fd938270) Importer(815301076,1909f56bfc062723c751e8b465ee728b)
Start importing Assets/Sprites/Dead (5).png using Guid(987db29dea6b6284cb7ec005fd938270) Importer(815301076,1909f56bfc062723c751e8b465ee728b)  -> (artifact id: 'ebc27c3c70da94c0b19ce7c4ebbf352a') in 0.028761 seconds 
  Import took 0.035323 seconds .

========================================================================
Received Import Request.
  Time since last request: 0.000343 seconds.
  path: Assets/Sprites/Fall (5).png
  artifactKey: Guid(3f06b48b3f1180b43a9eb0ccf2cad3d1) Importer(815301076,1909f56bfc062723c751e8b465ee728b)
Start importing Assets/Sprites/Fall (5).png using Guid(3f06b48b3f1180b43a9eb0ccf2cad3d1) Importer(815301076,1909f56bfc062723c751e8b465ee728b)  -> (artifact id: 'f0b2acc34f32e17c5180288aab2c655f') in 0.025717 seconds 
  Import took 0.032723 seconds .

========================================================================
Received Import Request.
  Time since last request: 0.000236 seconds.
  path: Assets/Sprites/Dead (5).png
  artifactKey: Guid(987db29dea6b6284cb7ec005fd938270) Importer(815301076,1909f56bfc062723c751e8b465ee728b)
Start importing Assets/Sprites/Dead (5).png using Guid(987db29dea6b6284cb7ec005fd938270) Importer(815301076,1909f56bfc062723c751e8b465ee728b)  -> (artifact id: 'ebc27c3c70da94c0b19ce7c4ebbf352a') in 0.017985 seconds 
  Import took 0.024420 seconds .

========================================================================
Received Import Request.
  Time since last request: 0.000277 seconds.
  path: Assets/Sprites/Hurt (3).png
  artifactKey: Guid(64a5a881cb9bab942a7608fb223fb66c) Importer(815301076,1909f56bfc062723c751e8b465ee728b)
Start importing Assets/Sprites/Hurt (3).png using Guid(64a5a881cb9bab942a7608fb223fb66c) Importer(815301076,1909f56bfc062723c751e8b465ee728b)  -> (artifact id: 'dea939427665e984349315f907dc34c7') in 0.021194 seconds 
  Import took 0.027551 seconds .

========================================================================
Received Import Request.
  Time since last request: 0.000220 seconds.
  path: Assets/Sprites/Fall (2).png
  artifactKey: Guid(babe73c8b7464cf418d0511b038e62b8) Importer(815301076,1909f56bfc062723c751e8b465ee728b)
Start importing Assets/Sprites/Fall (2).png using Guid(babe73c8b7464cf418d0511b038e62b8) Importer(815301076,1909f56bfc062723c751e8b465ee728b)  -> (artifact id: '0f3fe50545005c39294a0957a536f8d9') in 0.024538 seconds 
  Import took 0.029953 seconds .

========================================================================
Received Import Request.
  Time since last request: 0.000408 seconds.
  path: Assets/Sprites/Hurt (1).png
  artifactKey: Guid(85e3381f906a7a945b87c6363908ef4f) Importer(815301076,1909f56bfc062723c751e8b465ee728b)
Start importing Assets/Sprites/Hurt (1).png using Guid(85e3381f906a7a945b87c6363908ef4f) Importer(815301076,1909f56bfc062723c751e8b465ee728b)  -> (artifact id: 'b8053d248fde811142461994aa347d7c') in 0.029790 seconds 
  Import took 0.038618 seconds .

========================================================================
Received Import Request.
  Time since last request: 3.500780 seconds.
  path: Assets/Sprites/Hurt (4).png
  artifactKey: Guid(ac1e78be65fcf7d4ea8177be1edf0b5a) Importer(815301076,1909f56bfc062723c751e8b465ee728b)
Start importing Assets/Sprites/Hurt (4).png using Guid(ac1e78be65fcf7d4ea8177be1edf0b5a) Importer(815301076,1909f56bfc062723c751e8b465ee728b)  -> (artifact id: 'c72005f27f6fbac1c6656a568c971db8') in 0.044215 seconds 
  Import took 0.057915 seconds .

========================================================================
Received Import Request.
  Time since last request: 0.000257 seconds.
  path: Assets/Sprites/Idle (9).png
  artifactKey: Guid(cacbe3fcf0c587d4495eb6df5391664e) Importer(815301076,1909f56bfc062723c751e8b465ee728b)
Start importing Assets/Sprites/Idle (9).png using Guid(cacbe3fcf0c587d4495eb6df5391664e) Importer(815301076,1909f56bfc062723c751e8b465ee728b)  -> (artifact id: 'd3f723a22b53a1491ba268a5bcad51a2') in 0.049516 seconds 
  Import took 0.058405 seconds .

========================================================================
Received Import Request.
  Time since last request: 0.000542 seconds.
  path: Assets/Sprites/Jump (2).png
  artifactKey: Guid(6be9ff475cb9cd1488219ec8a5ce8c2e) Importer(815301076,1909f56bfc062723c751e8b465ee728b)
Start importing Assets/Sprites/Jump (2).png using Guid(6be9ff475cb9cd1488219ec8a5ce8c2e) Importer(815301076,1909f56bfc062723c751e8b465ee728b)  -> (artifact id: '12535c9b2501452d2198a013e972150f') in 0.056763 seconds 
  Import took 0.073048 seconds .

========================================================================
Received Import Request.
  Time since last request: 0.000275 seconds.
  path: Assets/Sprites/Jump (4).png
  artifactKey: Guid(bb00508a9ffca3f47b3cd6332f071bb9) Importer(815301076,1909f56bfc062723c751e8b465ee728b)
Start importing Assets/Sprites/Jump (4).png using Guid(bb00508a9ffca3f47b3cd6332f071bb9) Importer(815301076,1909f56bfc062723c751e8b465ee728b)  -> (artifact id: 'f243e92e9d0d15665d4fa0ec50f01a93') in 0.045213 seconds 
  Import took 0.054194 seconds .

========================================================================
Received Import Request.
  Time since last request: 0.000289 seconds.
  path: Assets/Sprites/Jump (5).png
  artifactKey: Guid(47520f79dbef1454e8a5342d7fda24c3) Importer(815301076,1909f56bfc062723c751e8b465ee728b)
Start importing Assets/Sprites/Jump (5).png using Guid(47520f79dbef1454e8a5342d7fda24c3) Importer(815301076,1909f56bfc062723c751e8b465ee728b)  -> (artifact id: '72bd1027bfeaf71044fbeef7332b59b4') in 0.034875 seconds 
  Import took 0.046403 seconds .

========================================================================
Received Import Request.
  Time since last request: 0.000278 seconds.
  path: Assets/Sprites/Run (3).png
  artifactKey: Guid(c8883723229a86b44bea562f8ef0c705) Importer(815301076,1909f56bfc062723c751e8b465ee728b)
Start importing Assets/Sprites/Run (3).png using Guid(c8883723229a86b44bea562f8ef0c705) Importer(815301076,1909f56bfc062723c751e8b465ee728b)  -> (artifact id: '26d1d902e843eb8a3e5074712f185b58') in 0.037896 seconds 
  Import took 0.046754 seconds .

========================================================================
Received Import Request.
  Time since last request: 0.000454 seconds.
  path: Assets/Sprites/Run (5).png
  artifactKey: Guid(2e48187829086bc4d982445b22800fe1) Importer(815301076,1909f56bfc062723c751e8b465ee728b)
Start importing Assets/Sprites/Run (5).png using Guid(2e48187829086bc4d982445b22800fe1) Importer(815301076,1909f56bfc062723c751e8b465ee728b)  -> (artifact id: '748dd082cfdb9a366071f12fe36d8ce6') in 0.034567 seconds 
  Import took 0.043975 seconds .

========================================================================
Received Import Request.
  Time since last request: 0.000289 seconds.
  path: Assets/Sprites/Idle (2).png
  artifactKey: Guid(e507db8a572ea614b9c097f2e1a2124a) Importer(815301076,1909f56bfc062723c751e8b465ee728b)
Start importing Assets/Sprites/Idle (2).png using Guid(e507db8a572ea614b9c097f2e1a2124a) Importer(815301076,1909f56bfc062723c751e8b465ee728b)  -> (artifact id: 'a829816c217864237c8c2d73680eb41c') in 0.036567 seconds 
  Import took 0.046210 seconds .

========================================================================
Received Import Request.
  Time since last request: 0.000475 seconds.
  path: Assets/Sprites/Jump (1).png
  artifactKey: Guid(4e0e5e62efc86304180b3efe2b04ebed) Importer(815301076,1909f56bfc062723c751e8b465ee728b)
Start importing Assets/Sprites/Jump (1).png using Guid(4e0e5e62efc86304180b3efe2b04ebed) Importer(815301076,1909f56bfc062723c751e8b465ee728b)  -> (artifact id: '02fc2ee2d934f5be05745e006406ca07') in 0.038158 seconds 
  Import took 0.046421 seconds .

========================================================================
Received Import Request.
  Time since last request: 0.000357 seconds.
  path: Assets/Sprites/Jump (6).png
  artifactKey: Guid(8675c5e56de2ab248a2e6de8730c64c3) Importer(815301076,1909f56bfc062723c751e8b465ee728b)
Start importing Assets/Sprites/Jump (6).png using Guid(8675c5e56de2ab248a2e6de8730c64c3) Importer(815301076,1909f56bfc062723c751e8b465ee728b)  -> (artifact id: 'f966774cf89c02993fc180a925f11acd') in 0.035829 seconds 
  Import took 0.045599 seconds .

========================================================================
Received Import Request.
  Time since last request: 0.000326 seconds.
  path: Assets/Sprites/Run (4).png
  artifactKey: Guid(24712e64af81ab24f9856285834aea8b) Importer(815301076,1909f56bfc062723c751e8b465ee728b)
Start importing Assets/Sprites/Run (4).png using Guid(24712e64af81ab24f9856285834aea8b) Importer(815301076,1909f56bfc062723c751e8b465ee728b)  -> (artifact id: 'c2c31ced6bdaf099033776fae4059385') in 0.031027 seconds 
  Import took 0.041561 seconds .

========================================================================
Received Import Request.
  Time since last request: 0.000459 seconds.
  path: Assets/Sprites/Idle (6).png
  artifactKey: Guid(a4f2a96cbc8112f47ba4e839c6481fab) Importer(815301076,1909f56bfc062723c751e8b465ee728b)
Start importing Assets/Sprites/Idle (6).png using Guid(a4f2a96cbc8112f47ba4e839c6481fab) Importer(815301076,1909f56bfc062723c751e8b465ee728b)  -> (artifact id: '7a1dd5469b15395df37084467a28735c') in 0.041294 seconds 
  Import took 0.058319 seconds .

========================================================================
Received Import Request.
  Time since last request: 0.000326 seconds.
  path: Assets/Sprites/Idle (10).png
  artifactKey: Guid(b4c45f7bd7436054ebb821f6af8a5d35) Importer(815301076,1909f56bfc062723c751e8b465ee728b)
Start importing Assets/Sprites/Idle (10).png using Guid(b4c45f7bd7436054ebb821f6af8a5d35) Importer(815301076,1909f56bfc062723c751e8b465ee728b)  -> (artifact id: '5b3e30d3d90671bc2afe069c53c6f2a8') in 0.042347 seconds 
  Import took 0.052542 seconds .

========================================================================
Received Import Request.
  Time since last request: 0.000594 seconds.
  path: Assets/Sprites/Run (1).png
  artifactKey: Guid(70db27d4f4a17604bb9933ef9d9f9598) Importer(815301076,1909f56bfc062723c751e8b465ee728b)
Start importing Assets/Sprites/Run (1).png using Guid(70db27d4f4a17604bb9933ef9d9f9598) Importer(815301076,1909f56bfc062723c751e8b465ee728b)  -> (artifact id: '7ecff89325e067f6ddf9a82abdf243da') in 0.045265 seconds 
  Import took 0.058535 seconds .

========================================================================
Received Import Request.
  Time since last request: 0.000311 seconds.
  path: Assets/Sprites/Idle (5).png
  artifactKey: Guid(56ca21af877d7eb459bad7bb82db0ad7) Importer(815301076,1909f56bfc062723c751e8b465ee728b)
Start importing Assets/Sprites/Idle (5).png using Guid(56ca21af877d7eb459bad7bb82db0ad7) Importer(815301076,1909f56bfc062723c751e8b465ee728b)  -> (artifact id: '43616339eeb2276156f166f7f5afe31e') in 0.034432 seconds 
  Import took 0.041249 seconds .

========================================================================
Received Import Request.
  Time since last request: 0.000353 seconds.
  path: Assets/Sprites/Idle (4).png
  artifactKey: Guid(fbc2baea2cf24524f9f7296006509f62) Importer(815301076,1909f56bfc062723c751e8b465ee728b)
Start importing Assets/Sprites/Idle (4).png using Guid(fbc2baea2cf24524f9f7296006509f62) Importer(815301076,1909f56bfc062723c751e8b465ee728b)  -> (artifact id: '99851497b8debb760d392b35fb978e34') in 0.028590 seconds 
  Import took 0.037258 seconds .

========================================================================
Received Import Request.
  Time since last request: 0.000314 seconds.
  path: Assets/Sprites/Idle (1).png
  artifactKey: Guid(f2f760595effc4946b53826aac9ccc26) Importer(815301076,1909f56bfc062723c751e8b465ee728b)
Start importing Assets/Sprites/Idle (1).png using Guid(f2f760595effc4946b53826aac9ccc26) Importer(815301076,1909f56bfc062723c751e8b465ee728b)  -> (artifact id: '7c31a2c0b5000fb78a586f8d66ff9b02') in 0.038953 seconds 
  Import took 0.049944 seconds .

========================================================================
Received Import Request.
  Time since last request: 0.000431 seconds.
  path: Assets/Sprites/Jump (3).png
  artifactKey: Guid(71ebcda7c9b76ac44b83a3e8a7ec57ec) Importer(815301076,1909f56bfc062723c751e8b465ee728b)
Start importing Assets/Sprites/Jump (3).png using Guid(71ebcda7c9b76ac44b83a3e8a7ec57ec) Importer(815301076,1909f56bfc062723c751e8b465ee728b)  -> (artifact id: '0260f12d031f4e2c3c590a004371e41e') in 0.034105 seconds 
  Import took 0.040885 seconds .

========================================================================
Received Import Request.
  Time since last request: 0.000327 seconds.
  path: Assets/Sprites/Run (2).png
  artifactKey: Guid(bfc55bb3427b94347b8c03ea0413817a) Importer(815301076,1909f56bfc062723c751e8b465ee728b)
Start importing Assets/Sprites/Run (2).png using Guid(bfc55bb3427b94347b8c03ea0413817a) Importer(815301076,1909f56bfc062723c751e8b465ee728b)  -> (artifact id: '21573f36368c936a5912a7c21ca254c8') in 0.035779 seconds 
  Import took 0.043809 seconds .

========================================================================
Received Import Request.
  Time since last request: 0.000327 seconds.
  path: Assets/Sprites/Jump (7).png
  artifactKey: Guid(b9fc60d9bae8d0540a3d9d642d365b66) Importer(815301076,1909f56bfc062723c751e8b465ee728b)
Start importing Assets/Sprites/Jump (7).png using Guid(b9fc60d9bae8d0540a3d9d642d365b66) Importer(815301076,1909f56bfc062723c751e8b465ee728b)  -> (artifact id: '7b5f23650853116e02b89a433dde5cf4') in 0.034892 seconds 
  Import took 0.042922 seconds .

========================================================================
Received Import Request.
  Time since last request: 0.000298 seconds.
  path: Assets/Sprites/Hurt (9).png
  artifactKey: Guid(c456402543c10bf47b8bc1bd7d76bfb1) Importer(815301076,1909f56bfc062723c751e8b465ee728b)
Start importing Assets/Sprites/Hurt (9).png using Guid(c456402543c10bf47b8bc1bd7d76bfb1) Importer(815301076,1909f56bfc062723c751e8b465ee728b)  -> (artifact id: 'cb030df23b5ac42a4c5f80e9e0eef869') in 0.035400 seconds 
  Import took 0.044542 seconds .

========================================================================
Received Import Request.
  Time since last request: 0.000317 seconds.
  path: Assets/Sprites/Idle (8).png
  artifactKey: Guid(9a2056cffa9fadc4eacd750457c71ce3) Importer(815301076,1909f56bfc062723c751e8b465ee728b)
Start importing Assets/Sprites/Idle (8).png using Guid(9a2056cffa9fadc4eacd750457c71ce3) Importer(815301076,1909f56bfc062723c751e8b465ee728b)  -> (artifact id: '6c6ccc3494d2be38a0927b2a5e7d429a') in 0.032735 seconds 
  Import took 0.044127 seconds .

========================================================================
Received Import Request.
  Time since last request: 0.000328 seconds.
  path: Assets/Sprites/Hurt (6).png
  artifactKey: Guid(eb72a57c838ed43459a87a4eb8af9ada) Importer(815301076,1909f56bfc062723c751e8b465ee728b)
Start importing Assets/Sprites/Hurt (6).png using Guid(eb72a57c838ed43459a87a4eb8af9ada) Importer(815301076,1909f56bfc062723c751e8b465ee728b)  -> (artifact id: 'de24939601d2a0df441f2f8a1c827221') in 0.036892 seconds 
  Import took 0.046640 seconds .

========================================================================
Received Import Request.
  Time since last request: 0.000489 seconds.
  path: Assets/Sprites/Hurt (7).png
  artifactKey: Guid(76ab28bf87d65d4429de9281ae8a94d6) Importer(815301076,1909f56bfc062723c751e8b465ee728b)
Start importing Assets/Sprites/Hurt (7).png using Guid(76ab28bf87d65d4429de9281ae8a94d6) Importer(815301076,1909f56bfc062723c751e8b465ee728b)  -> (artifact id: '3f995e549f3a67e55da4b3bcf001440a') in 0.034841 seconds 
  Import took 0.041891 seconds .

========================================================================
Received Import Request.
  Time since last request: 0.000257 seconds.
  path: Assets/Sprites/Idle (7).png
  artifactKey: Guid(1dc453a1fc3f5e34ba8ec01bcd42b513) Importer(815301076,1909f56bfc062723c751e8b465ee728b)
Start importing Assets/Sprites/Idle (7).png using Guid(1dc453a1fc3f5e34ba8ec01bcd42b513) Importer(815301076,1909f56bfc062723c751e8b465ee728b)  -> (artifact id: '2166f6f72bf203d88fed13f6aacaeb81') in 0.033631 seconds 
  Import took 0.040800 seconds .

========================================================================
Received Import Request.
  Time since last request: 0.000436 seconds.
  path: Assets/Sprites/Jump (8).png
  artifactKey: Guid(41913432c975e2440a94962f74217c8b) Importer(815301076,1909f56bfc062723c751e8b465ee728b)
Start importing Assets/Sprites/Jump (8).png using Guid(41913432c975e2440a94962f74217c8b) Importer(815301076,1909f56bfc062723c751e8b465ee728b)  -> (artifact id: '7ab62a54063bace4f70a8a20a14dfe50') in 0.034628 seconds 
  Import took 0.042074 seconds .

========================================================================
Received Import Request.
  Time since last request: 0.000269 seconds.
  path: Assets/Sprites/Hurt (5).png
  artifactKey: Guid(79991911428b86a438831bb93b85a149) Importer(815301076,1909f56bfc062723c751e8b465ee728b)
Start importing Assets/Sprites/Hurt (5).png using Guid(79991911428b86a438831bb93b85a149) Importer(815301076,1909f56bfc062723c751e8b465ee728b)  -> (artifact id: 'd959d122411d0ae5a656d8e21dbbbc7e') in 0.033586 seconds 
  Import took 0.041566 seconds .

========================================================================
Received Import Request.
  Time since last request: 0.000326 seconds.
  path: Assets/Sprites/Hurt (8).png
  artifactKey: Guid(1e024770fe133d34fb81b1612db4ec28) Importer(815301076,1909f56bfc062723c751e8b465ee728b)
Start importing Assets/Sprites/Hurt (8).png using Guid(1e024770fe133d34fb81b1612db4ec28) Importer(815301076,1909f56bfc062723c751e8b465ee728b)  -> (artifact id: 'aec5ce874e516ff443a1de103729e771') in 0.030287 seconds 
  Import took 0.037003 seconds .

========================================================================
Received Import Request.
  Time since last request: 0.000303 seconds.
  path: Assets/Sprites/Hurt (5).png
  artifactKey: Guid(79991911428b86a438831bb93b85a149) Importer(815301076,1909f56bfc062723c751e8b465ee728b)
Start importing Assets/Sprites/Hurt (5).png using Guid(79991911428b86a438831bb93b85a149) Importer(815301076,1909f56bfc062723c751e8b465ee728b)  -> (artifact id: 'd959d122411d0ae5a656d8e21dbbbc7e') in 0.032708 seconds 
  Import took 0.041817 seconds .

========================================================================
Received Import Request.
  Time since last request: 0.000528 seconds.
  path: Assets/Sprites/Idle (3).png
  artifactKey: Guid(bf082c23bca81e04eaa89aa4a30d76e6) Importer(815301076,1909f56bfc062723c751e8b465ee728b)
Start importing Assets/Sprites/Idle (3).png using Guid(bf082c23bca81e04eaa89aa4a30d76e6) Importer(815301076,1909f56bfc062723c751e8b465ee728b)  -> (artifact id: '60d1d0afed7e7a615ba2d3445150b10d') in 0.032098 seconds 
  Import took 0.041096 seconds .

========================================================================
Received Import Request.
  Time since last request: 0.000258 seconds.
  path: Assets/Sprites/Hurt (10).png
  artifactKey: Guid(ed676c36bad3582419ac9bcfd3dfb9aa) Importer(815301076,1909f56bfc062723c751e8b465ee728b)
Start importing Assets/Sprites/Hurt (10).png using Guid(ed676c36bad3582419ac9bcfd3dfb9aa) Importer(815301076,1909f56bfc062723c751e8b465ee728b)  -> (artifact id: '284b65fc48ee04d9229daf8062ad3127') in 0.035448 seconds 
  Import took 0.043159 seconds .

========================================================================
Received Import Request.
  Time since last request: 0.006659 seconds.
  path: Assets/Sprites/Hurt (10).png
  artifactKey: Guid(ed676c36bad3582419ac9bcfd3dfb9aa) Importer(815301076,1909f56bfc062723c751e8b465ee728b)
Start importing Assets/Sprites/Hurt (10).png using Guid(ed676c36bad3582419ac9bcfd3dfb9aa) Importer(815301076,1909f56bfc062723c751e8b465ee728b)  -> (artifact id: '284b65fc48ee04d9229daf8062ad3127') in 0.032776 seconds 
  Import took 0.041935 seconds .

========================================================================
Received Import Request.
  Time since last request: 175.576243 seconds.
  path: Assets/animatinos
  artifactKey: Guid(faef5561c675c0d419a9f6d3527bfa83) Importer(815301076,1909f56bfc062723c751e8b465ee728b)
Start importing Assets/animatinos using Guid(faef5561c675c0d419a9f6d3527bfa83) Importer(815301076,1909f56bfc062723c751e8b465ee728b)  -> (artifact id: '788a7ff2ec809843f9810015f6d234ff') in 0.014276 seconds 
  Import took 0.022753 seconds .

========================================================================
Received Import Request.
  Time since last request: 14.980295 seconds.
  path: Assets/animations
  artifactKey: Guid(faef5561c675c0d419a9f6d3527bfa83) Importer(815301076,1909f56bfc062723c751e8b465ee728b)
Start importing Assets/animations using Guid(faef5561c675c0d419a9f6d3527bfa83) Importer(815301076,1909f56bfc062723c751e8b465ee728b)  -> (artifact id: 'e313858a3a1ce1997d880e9519d500b4') in 0.010142 seconds 
  Import took 0.018731 seconds .

========================================================================
Received Import Request.
  Time since last request: 16.391531 seconds.
  path: Assets/Sprites/Run (6).png
  artifactKey: Guid(d34112b60cd3e444db0b0489dda8b325) Importer(815301076,1909f56bfc062723c751e8b465ee728b)
Start importing Assets/Sprites/Run (6).png using Guid(d34112b60cd3e444db0b0489dda8b325) Importer(815301076,1909f56bfc062723c751e8b465ee728b)  -> (artifact id: 'e4971e2bb9440e34439a4ecb8e794306') in 0.029358 seconds 
  Import took 0.036865 seconds .

========================================================================
Received Import Request.
  Time since last request: 0.000320 seconds.
  path: Assets/Sprites/Slide (1).png
  artifactKey: Guid(441a6c8b270449744ac4109039c90a68) Importer(815301076,1909f56bfc062723c751e8b465ee728b)
Start importing Assets/Sprites/Slide (1).png using Guid(441a6c8b270449744ac4109039c90a68) Importer(815301076,1909f56bfc062723c751e8b465ee728b)  -> (artifact id: '775f6c6ea062421b5afbbfac942a37c9') in 0.029018 seconds 
  Import took 0.034865 seconds .

========================================================================
Received Import Request.
  Time since last request: 0.000299 seconds.
  path: Assets/Sprites/Run (8).png
  artifactKey: Guid(9882934118dde3a4b842309b3890db81) Importer(815301076,1909f56bfc062723c751e8b465ee728b)
Start importing Assets/Sprites/Run (8).png using Guid(9882934118dde3a4b842309b3890db81) Importer(815301076,1909f56bfc062723c751e8b465ee728b)  -> (artifact id: '7612c7b3fb65a1610bcbd9fff3ed1e2e') in 0.032204 seconds 
  Import took 0.040363 seconds .

========================================================================
Received Import Request.
  Time since last request: 0.000294 seconds.
  path: Assets/Sprites/Slide (5).png
  artifactKey: Guid(5793b2d7c81e3824db018cff6d286e14) Importer(815301076,1909f56bfc062723c751e8b465ee728b)
Start importing Assets/Sprites/Slide (5).png using Guid(5793b2d7c81e3824db018cff6d286e14) Importer(815301076,1909f56bfc062723c751e8b465ee728b)  -> (artifact id: '56f213a60ef078be8523536d6850c3e1') in 0.032665 seconds 
  Import took 0.043136 seconds .

========================================================================
Received Import Request.
  Time since last request: 0.000353 seconds.
  path: Assets/Sprites/Slide (6).png
  artifactKey: Guid(03099958c2ed84b4f87c8bbe9ea98366) Importer(815301076,1909f56bfc062723c751e8b465ee728b)
Start importing Assets/Sprites/Slide (6).png using Guid(03099958c2ed84b4f87c8bbe9ea98366) Importer(815301076,1909f56bfc062723c751e8b465ee728b)  -> (artifact id: '0085654aea2fb7b60bc74372f3bb8de6') in 0.032723 seconds 
  Import took 0.042757 seconds .

========================================================================
Received Import Request.
  Time since last request: 0.000348 seconds.
  path: Assets/Sprites/Slide (4).png
  artifactKey: Guid(63e851b0ffc1a304387bd5bc78c74968) Importer(815301076,1909f56bfc062723c751e8b465ee728b)
Start importing Assets/Sprites/Slide (4).png using Guid(63e851b0ffc1a304387bd5bc78c74968) Importer(815301076,1909f56bfc062723c751e8b465ee728b)  -> (artifact id: 'bfbc61f0af7bbe2d2551c2122c45fadb') in 0.034979 seconds 
  Import took 0.044098 seconds .

========================================================================
Received Import Request.
  Time since last request: 0.000423 seconds.
  path: Assets/Sprites/Slide (2).png
  artifactKey: Guid(968c36000364f0c41b87bed30b0fc040) Importer(815301076,1909f56bfc062723c751e8b465ee728b)
Start importing Assets/Sprites/Slide (2).png using Guid(968c36000364f0c41b87bed30b0fc040) Importer(815301076,1909f56bfc062723c751e8b465ee728b)  -> (artifact id: '8298a35eaa72b39ec4f39e4de9d36244') in 0.036314 seconds 
  Import took 0.044102 seconds .

========================================================================
Received Import Request.
  Time since last request: 0.000255 seconds.
  path: Assets/Sprites/Slide (7).png
  artifactKey: Guid(204441bfc6f71b9448bd6e31ce7af172) Importer(815301076,1909f56bfc062723c751e8b465ee728b)
Start importing Assets/Sprites/Slide (7).png using Guid(204441bfc6f71b9448bd6e31ce7af172) Importer(815301076,1909f56bfc062723c751e8b465ee728b)  -> (artifact id: '6a272793ee3ebd5348ba2901af37ca45') in 0.040266 seconds 
  Import took 0.048459 seconds .

========================================================================
Received Import Request.
  Time since last request: 0.000255 seconds.
  path: Assets/Sprites/Slide (3).png
  artifactKey: Guid(272a169bb8dcf49499fc646226e06dbd) Importer(815301076,1909f56bfc062723c751e8b465ee728b)
Start importing Assets/Sprites/Slide (3).png using Guid(272a169bb8dcf49499fc646226e06dbd) Importer(815301076,1909f56bfc062723c751e8b465ee728b)  -> (artifact id: 'd517754e388558911948acf3c45ca133') in 0.038278 seconds 
  Import took 0.046760 seconds .

========================================================================
Received Import Request.
  Time since last request: 0.000300 seconds.
  path: Assets/Sprites/Run (7).png
  artifactKey: Guid(c2eea7f6712c80243b86bd99865745c6) Importer(815301076,1909f56bfc062723c751e8b465ee728b)
Start importing Assets/Sprites/Run (7).png using Guid(c2eea7f6712c80243b86bd99865745c6) Importer(815301076,1909f56bfc062723c751e8b465ee728b)  -> (artifact id: '936712f2acf5381954f04952067bce64') in 0.035118 seconds 
  Import took 0.043396 seconds .

========================================================================
Received Import Request.
  Time since last request: 0.002469 seconds.
  path: Assets/Sprites/Run (7).png
  artifactKey: Guid(c2eea7f6712c80243b86bd99865745c6) Importer(815301076,1909f56bfc062723c751e8b465ee728b)
Start importing Assets/Sprites/Run (7).png using Guid(c2eea7f6712c80243b86bd99865745c6) Importer(815301076,1909f56bfc062723c751e8b465ee728b)  -> (artifact id: '936712f2acf5381954f04952067bce64') in 0.033321 seconds 
  Import took 0.045787 seconds .

========================================================================
Received Import Request.
  Time since last request: 99.660169 seconds.
  path: Assets/animations/end7.controller
  artifactKey: Guid(8566c4d634c380f40add1de8c5501ccb) Importer(815301076,1909f56bfc062723c751e8b465ee728b)
Start importing Assets/animations/end7.controller using Guid(8566c4d634c380f40add1de8c5501ccb) Importer(815301076,1909f56bfc062723c751e8b465ee728b)  -> (artifact id: '8719d38abae0ac9bcf5cae9a2eb12e1b') in 0.044822 seconds 
  Import took 0.052212 seconds .

========================================================================
Received Import Request.
  Time since last request: 61.167007 seconds.
  path: Assets/animations/end7.controller
  artifactKey: Guid(8566c4d634c380f40add1de8c5501ccb) Importer(815301076,1909f56bfc062723c751e8b465ee728b)
Start importing Assets/animations/end7.controller using Guid(8566c4d634c380f40add1de8c5501ccb) Importer(815301076,1909f56bfc062723c751e8b465ee728b)  -> (artifact id: 'fa40f2d941d8bf1d14291c137cb525c1') in 0.031642 seconds 
  Import took 0.036935 seconds .

========================================================================
Received Import Request.
  Time since last request: 7.738870 seconds.
  path: Assets/animations/Idle.anim
  artifactKey: Guid(bf848f5b723535d46bdb76e046d3e5dd) Importer(815301076,1909f56bfc062723c751e8b465ee728b)
Start importing Assets/animations/Idle.anim using Guid(bf848f5b723535d46bdb76e046d3e5dd) Importer(815301076,1909f56bfc062723c751e8b465ee728b)  -> (artifact id: '8c8db68056fc9530bae62c9f55129a4b') in 0.014705 seconds 
  Import took 0.022789 seconds .

========================================================================
Received Import Request.
  Time since last request: 22.191862 seconds.
  path: Assets/animations/Player.controller
  artifactKey: Guid(39f06d88c3843cf458491cc13de89d39) Importer(815301076,1909f56bfc062723c751e8b465ee728b)
Start importing Assets/animations/Player.controller using Guid(39f06d88c3843cf458491cc13de89d39) Importer(815301076,1909f56bfc062723c751e8b465ee728b)  -> (artifact id: '411de58188de20cd0adced01259b1fc5') in 0.005782 seconds 
  Import took 0.012910 seconds .

========================================================================
Received Import Request.
  Time since last request: 101.196550 seconds.
  path: Assets/Sprites/Idle (1).controller
  artifactKey: Guid(957b4c7d2cc3107458767a636843e67e) Importer(815301076,1909f56bfc062723c751e8b465ee728b)
Start importing Assets/Sprites/Idle (1).controller using Guid(957b4c7d2cc3107458767a636843e67e) Importer(815301076,1909f56bfc062723c751e8b465ee728b)  -> (artifact id: '11a1c32b76f3f798ab0bfa0c4dc8b7e7') in 0.008402 seconds 
  Import took 0.017243 seconds .

========================================================================
Received Import Request.
  Time since last request: 7.944814 seconds.
  path: Assets/Sprites/Idle.anim
  artifactKey: Guid(94f963e66c58a8d49820c86ec4a7e962) Importer(815301076,1909f56bfc062723c751e8b465ee728b)
Start importing Assets/Sprites/Idle.anim using Guid(94f963e66c58a8d49820c86ec4a7e962) Importer(815301076,1909f56bfc062723c751e8b465ee728b)  -> (artifact id: '3d1821cd198e82e62b8138df788b21f5') in 0.004517 seconds 
  Import took 0.013081 seconds .

========================================================================
Received Import Request.
  Time since last request: 5.107923 seconds.
  path: Assets/Sprites/Slide (8).png
  artifactKey: Guid(50ede16d1b0e48647ab8f1f1823fa4a2) Importer(815301076,1909f56bfc062723c751e8b465ee728b)
Start importing Assets/Sprites/Slide (8).png using Guid(50ede16d1b0e48647ab8f1f1823fa4a2) Importer(815301076,1909f56bfc062723c751e8b465ee728b)  -> (artifact id: '5eefb54f156affe8bbd29eadec3e2488') in 0.044054 seconds 
  Import took 0.051272 seconds .

========================================================================
Received Import Request.
  Time since last request: 0.000347 seconds.
  path: Assets/Sprites/Slide (10).png
  artifactKey: Guid(0f5e26b117868784988d2d9156d6fda6) Importer(815301076,1909f56bfc062723c751e8b465ee728b)
Start importing Assets/Sprites/Slide (10).png using Guid(0f5e26b117868784988d2d9156d6fda6) Importer(815301076,1909f56bfc062723c751e8b465ee728b)  -> (artifact id: '2c6c96d13be53b09330a4960bf53e68a') in 0.064281 seconds 
  Import took 0.072172 seconds .

========================================================================
Received Import Request.
  Time since last request: 0.000282 seconds.
  path: Assets/Sprites/Walk (7).png
  artifactKey: Guid(efad5af2f8e408f4bb14e5ae4e80c9e3) Importer(815301076,1909f56bfc062723c751e8b465ee728b)
Start importing Assets/Sprites/Walk (7).png using Guid(efad5af2f8e408f4bb14e5ae4e80c9e3) Importer(815301076,1909f56bfc062723c751e8b465ee728b)  -> (artifact id: 'd363e20a18e512973f453fe074b88b3d') in 0.037348 seconds 
  Import took 0.044828 seconds .

========================================================================
Received Import Request.
  Time since last request: 0.000353 seconds.
  path: Assets/Sprites/Walk (9).png
  artifactKey: Guid(f1f277828b1fe8b42a9e4aa4e80e6e15) Importer(815301076,1909f56bfc062723c751e8b465ee728b)
Start importing Assets/Sprites/Walk (9).png using Guid(f1f277828b1fe8b42a9e4aa4e80e6e15) Importer(815301076,1909f56bfc062723c751e8b465ee728b)  -> (artifact id: 'f48d9fb6e70f1a54ad212a73f22d7116') in 0.034700 seconds 
  Import took 0.044328 seconds .

========================================================================
Received Import Request.
  Time since last request: 0.000312 seconds.
  path: Assets/Sprites/Walk (6).png
  artifactKey: Guid(115f9575d9fd8f34cb613c96e03c5f10) Importer(815301076,1909f56bfc062723c751e8b465ee728b)
Start importing Assets/Sprites/Walk (6).png using Guid(115f9575d9fd8f34cb613c96e03c5f10) Importer(815301076,1909f56bfc062723c751e8b465ee728b)  -> (artifact id: '367e2e4d463a7b5fb41cbcd742b55062') in 0.033950 seconds 
  Import took 0.041280 seconds .

========================================================================
Received Import Request.
  Time since last request: 0.000269 seconds.
  path: Assets/Sprites/Walk (4).png
  artifactKey: Guid(7a770b8fe8585614bb98dae67f005600) Importer(815301076,1909f56bfc062723c751e8b465ee728b)
Start importing Assets/Sprites/Walk (4).png using Guid(7a770b8fe8585614bb98dae67f005600) Importer(815301076,1909f56bfc062723c751e8b465ee728b)  -> (artifact id: 'a9976a6a910ef807220b6e7e2bc427a2') in 0.036462 seconds 
  Import took 0.045549 seconds .

========================================================================
Received Import Request.
  Time since last request: 0.000330 seconds.
  path: Assets/Sprites/Walk (5).png
  artifactKey: Guid(b9197983a3e479049a837a3e86a59e79) Importer(815301076,1909f56bfc062723c751e8b465ee728b)
Start importing Assets/Sprites/Walk (5).png using Guid(b9197983a3e479049a837a3e86a59e79) Importer(815301076,1909f56bfc062723c751e8b465ee728b)  -> (artifact id: 'aea7af69f308786a54e264bd5a451074') in 0.038078 seconds 
  Import took 0.045957 seconds .

========================================================================
Received Import Request.
  Time since last request: 0.000501 seconds.
  path: Assets/Sprites/Slide (9).png
  artifactKey: Guid(308848c18e2e6a748bdf8c88bdb477ab) Importer(815301076,1909f56bfc062723c751e8b465ee728b)
Start importing Assets/Sprites/Slide (9).png using Guid(308848c18e2e6a748bdf8c88bdb477ab) Importer(815301076,1909f56bfc062723c751e8b465ee728b)  -> (artifact id: 'c55bbbd2c937d46e87ada325225e641e') in 0.041567 seconds 
  Import took 0.050290 seconds .

========================================================================
Received Import Request.
  Time since last request: 0.000366 seconds.
  path: Assets/Sprites/Slide (8).png
  artifactKey: Guid(50ede16d1b0e48647ab8f1f1823fa4a2) Importer(815301076,1909f56bfc062723c751e8b465ee728b)
Start importing Assets/Sprites/Slide (8).png using Guid(50ede16d1b0e48647ab8f1f1823fa4a2) Importer(815301076,1909f56bfc062723c751e8b465ee728b)  -> (artifact id: '5eefb54f156affe8bbd29eadec3e2488') in 0.027292 seconds 
  Import took 0.037193 seconds .

========================================================================
Received Import Request.
  Time since last request: 0.000592 seconds.
  path: Assets/Sprites/Slide (9).png
  artifactKey: Guid(308848c18e2e6a748bdf8c88bdb477ab) Importer(815301076,1909f56bfc062723c751e8b465ee728b)
Start importing Assets/Sprites/Slide (9).png using Guid(308848c18e2e6a748bdf8c88bdb477ab) Importer(815301076,1909f56bfc062723c751e8b465ee728b)  -> (artifact id: 'c55bbbd2c937d46e87ada325225e641e') in 0.029894 seconds 
  Import took 0.042192 seconds .

========================================================================
Received Import Request.
  Time since last request: 0.000342 seconds.
  path: Assets/Sprites/Walk (1).png
  artifactKey: Guid(9dad306898dc52441a3eb33c120f69f6) Importer(815301076,1909f56bfc062723c751e8b465ee728b)
Start importing Assets/Sprites/Walk (1).png using Guid(9dad306898dc52441a3eb33c120f69f6) Importer(815301076,1909f56bfc062723c751e8b465ee728b)  -> (artifact id: 'ea2efd978b51072df3616b07cfbd93c3') in 0.038950 seconds 
  Import took 0.048142 seconds .

========================================================================
Received Import Request.
  Time since last request: 0.000299 seconds.
  path: Assets/Sprites/Walk (3).png
  artifactKey: Guid(b37123971726f1f4285f266a91c194a4) Importer(815301076,1909f56bfc062723c751e8b465ee728b)
Start importing Assets/Sprites/Walk (3).png using Guid(b37123971726f1f4285f266a91c194a4) Importer(815301076,1909f56bfc062723c751e8b465ee728b)  -> (artifact id: '453ba8b66adb8ea5181de6acd8a799c2') in 0.036434 seconds 
  Import took 0.042925 seconds .

========================================================================
Received Import Request.
  Time since last request: 0.000333 seconds.
  path: Assets/Sprites/Walk (2).png
  artifactKey: Guid(f8bc47066a5c6f34094fac912217d6ef) Importer(815301076,1909f56bfc062723c751e8b465ee728b)
Start importing Assets/Sprites/Walk (2).png using Guid(f8bc47066a5c6f34094fac912217d6ef) Importer(815301076,1909f56bfc062723c751e8b465ee728b)  -> (artifact id: 'b9335c124800a3db34e8ec2971d887ad') in 0.043595 seconds 
  Import took 0.056794 seconds .

========================================================================
Received Import Request.
  Time since last request: 0.000331 seconds.
  path: Assets/Sprites/Walk (8).png
  artifactKey: Guid(e39d315165100254e9227b62fe217510) Importer(815301076,1909f56bfc062723c751e8b465ee728b)
Start importing Assets/Sprites/Walk (8).png using Guid(e39d315165100254e9227b62fe217510) Importer(815301076,1909f56bfc062723c751e8b465ee728b)  -> (artifact id: '9326c8d4f004ce3f8340a14548c1b2e0') in 0.038409 seconds 
  Import took 0.051198 seconds .

========================================================================
Received Import Request.
  Time since last request: 0.000359 seconds.
  path: Assets/Sprites/Walk (2).png
  artifactKey: Guid(f8bc47066a5c6f34094fac912217d6ef) Importer(815301076,1909f56bfc062723c751e8b465ee728b)
Start importing Assets/Sprites/Walk (2).png using Guid(f8bc47066a5c6f34094fac912217d6ef) Importer(815301076,1909f56bfc062723c751e8b465ee728b)  -> (artifact id: 'b9335c124800a3db34e8ec2971d887ad') in 0.031979 seconds 
  Import took 0.043555 seconds .

========================================================================
Received Import Request.
  Time since last request: 0.000428 seconds.
  path: Assets/Sprites/Walk (8).png
  artifactKey: Guid(e39d315165100254e9227b62fe217510) Importer(815301076,1909f56bfc062723c751e8b465ee728b)
Start importing Assets/Sprites/Walk (8).png using Guid(e39d315165100254e9227b62fe217510) Importer(815301076,1909f56bfc062723c751e8b465ee728b)  -> (artifact id: '9326c8d4f004ce3f8340a14548c1b2e0') in 0.029319 seconds 
  Import took 0.038647 seconds .

========================================================================
Received Import Request.
  Time since last request: 0.000342 seconds.
  path: Assets/Sprites/Walk (10).png
  artifactKey: Guid(43b2eccdc46866246a8f416c30259818) Importer(815301076,1909f56bfc062723c751e8b465ee728b)
Start importing Assets/Sprites/Walk (10).png using Guid(43b2eccdc46866246a8f416c30259818) Importer(815301076,1909f56bfc062723c751e8b465ee728b)  -> (artifact id: 'cb87bc9927cc530aec28acf2383f356f') in 0.044277 seconds 
  Import took 0.050930 seconds .

========================================================================
Received Import Request.
  Time since last request: 18.447014 seconds.
  path: Assets/animations/Canvas.controller
  artifactKey: Guid(87ba7a8bdba21d948a9014fbf6703374) Importer(815301076,1909f56bfc062723c751e8b465ee728b)
Start importing Assets/animations/Canvas.controller using Guid(87ba7a8bdba21d948a9014fbf6703374) Importer(815301076,1909f56bfc062723c751e8b465ee728b)  -> (artifact id: '88ec5b03b0d0b5557906cb8535fba7d5') in 0.013777 seconds 
  Import took 0.021230 seconds .

========================================================================
Received Import Request.
  Time since last request: 0.001133 seconds.
  path: Assets/animations/Canvas.controller
  artifactKey: Guid(87ba7a8bdba21d948a9014fbf6703374) Importer(815301076,1909f56bfc062723c751e8b465ee728b)
Start importing Assets/animations/Canvas.controller using Guid(87ba7a8bdba21d948a9014fbf6703374) Importer(815301076,1909f56bfc062723c751e8b465ee728b)  -> (artifact id: '88ec5b03b0d0b5557906cb8535fba7d5') in 0.005032 seconds 
  Import took 0.013737 seconds .

========================================================================
Received Prepare
Registering precompiled user dll's ...
Registered in 0.010567 seconds.
Begin MonoManager ReloadAssembly
Native extension for WindowsStandalone target not found
Refreshing native plugins compatible for Editor in 0.98 ms, found 3 plugins.
Preloading 0 native plugins for Editor in 0.00 ms.
Mono: successfully reloaded assembly
- Completed reload, in  1.531 seconds
Domain Reload Profiling:
	ReloadAssembly (1531ms)
		BeginReloadAssembly (190ms)
			ExecutionOrderSort (0ms)
			DisableScriptedObjects (11ms)
			BackupInstance (0ms)
			ReleaseScriptingObjects (0ms)
			CreateAndSetChildDomain (53ms)
		EndReloadAssembly (1232ms)
			LoadAssemblies (138ms)
			RebuildTransferFunctionScriptingTraits (0ms)
			SetupTypeCache (432ms)
			ReleaseScriptCaches (2ms)
			RebuildScriptCaches (67ms)
			SetupLoadedEditorAssemblies (447ms)
				LogAssemblyErrors (0ms)
				InitializePlatformSupportModulesInManaged (10ms)
				SetLoadedEditorAssemblies (1ms)
				RefreshPlugins (1ms)
				BeforeProcessingInitializeOnLoad (150ms)
				ProcessInitializeOnLoadAttributes (268ms)
				ProcessInitializeOnLoadMethodAttributes (9ms)
				AfterProcessingInitializeOnLoad (9ms)
				EditorAssembliesLoaded (0ms)
			ExecutionOrderSort2 (0ms)
			AwakeInstancesAfterBackupRestoration (14ms)
Platform modules already initialized, skipping
Refreshing native plugins compatible for Editor in 0.61 ms, found 3 plugins.
Preloading 0 native plugins for Editor in 0.00 ms.
Unloading 2083 Unused Serialized files (Serialized files now loaded: 0)
System memory in use before: 96.7 MB.
System memory in use after: 96.8 MB.

Unloading 14 unused Assets to reduce memory usage. Loaded Objects now: 2558.
Total: 4.209000 ms (FindLiveObjects: 0.261300 ms CreateObjectMapping: 0.112700 ms MarkObjects: 3.809100 ms  DeleteObjects: 0.024300 ms)

AssetImportParameters requested are different than current active one (requested -> active):
  custom:framework-win-MediaFoundation: 216162199b28c13a410421893ffa2e32 -> 
  custom:video-decoder-ogg-theora: a1e56fd34408186e4bbccfd4996cb3dc -> 
  custom:container-muxer-webm: aa71ff27fc2769a1b78a27578f13a17b -> 
  custom:container-demuxer-webm: 4f35f7cbe854078d1ac9338744f61a02 -> 
  custom:container-demuxer-ogg: 62fdf1f143b41e24485cea50d1cbac27 -> 
  custom:video-encoder-webm-vp8: eb34c28f22e8b96e1ab97ce403110664 -> 
  custom:video-codec-MediaFoundation-h265: 746d11721c4dcdbdad8f713fa42b33f4 -> 
  custom:video-decoder-webm-vp8: 9c59270c3fd7afecdb556c50c9e8de78 -> 
  custom:audio-decoder-ogg-vorbis: bf7c407c2cedff20999df2af8eb42d56 -> 
  custom:audio-encoder-webm-vorbis: bf7c407c2cedff20999df2af8eb42d56 -> 
========================================================================
Received Import Request.
  Time since last request: 1175.422869 seconds.
  path: Assets/Idle (1).controller
  artifactKey: Guid(ceb134d576d36dd41b0591b1a25d28eb) Importer(815301076,1909f56bfc062723c751e8b465ee728b)
Start importing Assets/Idle (1).controller using Guid(ceb134d576d36dd41b0591b1a25d28eb) Importer(815301076,1909f56bfc062723c751e8b465ee728b)  -> (artifact id: '4bec8cde42aff3f0ddd4b87be1508d2b') in 0.023764 seconds 
  Import took 0.029241 seconds .

========================================================================
Received Import Request.
  Time since last request: 1.670041 seconds.
  path: Assets/animations/Idle (1).controller
  artifactKey: Guid(ceb134d576d36dd41b0591b1a25d28eb) Importer(815301076,1909f56bfc062723c751e8b465ee728b)
Start importing Assets/animations/Idle (1).controller using Guid(ceb134d576d36dd41b0591b1a25d28eb) Importer(815301076,1909f56bfc062723c751e8b465ee728b)  -> (artifact id: '383814893a4d089a8f6b33bed70bb97e') in 0.007144 seconds 
  Import took 0.015562 seconds .

========================================================================
Received Import Request.
  Time since last request: 6.974250 seconds.
  path: Assets/animations/Idle.anim
  artifactKey: Guid(f422aaa5b06edb44bb875a96ea12ae16) Importer(815301076,1909f56bfc062723c751e8b465ee728b)
Start importing Assets/animations/Idle.anim using Guid(f422aaa5b06edb44bb875a96ea12ae16) Importer(815301076,1909f56bfc062723c751e8b465ee728b)  -> (artifact id: '6bfcee5883694a42dbccc4ea982e339d') in 0.006143 seconds 
  Import took 0.013406 seconds .

========================================================================
Received Import Request.
  Time since last request: 0.002471 seconds.
  path: Assets/animations/Idle.anim
  artifactKey: Guid(f422aaa5b06edb44bb875a96ea12ae16) Importer(815301076,1909f56bfc062723c751e8b465ee728b)
Start importing Assets/animations/Idle.anim using Guid(f422aaa5b06edb44bb875a96ea12ae16) Importer(815301076,1909f56bfc062723c751e8b465ee728b)  -> (artifact id: '6bfcee5883694a42dbccc4ea982e339d') in 0.006549 seconds 
  Import took 0.016128 seconds .

========================================================================
Received Import Request.
  Time since last request: 23.636409 seconds.
  path: Assets/animations/run.anim
  artifactKey: Guid(a9812e35ceb614346a6a3578487aea68) Importer(815301076,1909f56bfc062723c751e8b465ee728b)
Start importing Assets/animations/run.anim using Guid(a9812e35ceb614346a6a3578487aea68) Importer(815301076,1909f56bfc062723c751e8b465ee728b)  -> (artifact id: '683403427d84a6ce4e6a70efe8624be2') in 0.014208 seconds 
  Import took 0.021854 seconds .

========================================================================
Received Import Request.
  Time since last request: 0.001219 seconds.
  path: Assets/animations/run.anim
  artifactKey: Guid(a9812e35ceb614346a6a3578487aea68) Importer(815301076,1909f56bfc062723c751e8b465ee728b)
Start importing Assets/animations/run.anim using Guid(a9812e35ceb614346a6a3578487aea68) Importer(815301076,1909f56bfc062723c751e8b465ee728b)  -> (artifact id: '683403427d84a6ce4e6a70efe8624be2') in 0.007404 seconds 
  Import took 0.015323 seconds .

========================================================================
Received Prepare
Registering precompiled user dll's ...
Registered in 0.006598 seconds.
Begin MonoManager ReloadAssembly
Native extension for WindowsStandalone target not found
Refreshing native plugins compatible for Editor in 0.99 ms, found 3 plugins.
Preloading 0 native plugins for Editor in 0.00 ms.
Mono: successfully reloaded assembly
- Completed reload, in  1.701 seconds
Domain Reload Profiling:
	ReloadAssembly (1701ms)
		BeginReloadAssembly (160ms)
			ExecutionOrderSort (0ms)
			DisableScriptedObjects (8ms)
			BackupInstance (0ms)
			ReleaseScriptingObjects (0ms)
			CreateAndSetChildDomain (50ms)
		EndReloadAssembly (1437ms)
			LoadAssemblies (128ms)
			RebuildTransferFunctionScriptingTraits (0ms)
			SetupTypeCache (483ms)
			ReleaseScriptCaches (1ms)
			RebuildScriptCaches (75ms)
			SetupLoadedEditorAssemblies (520ms)
				LogAssemblyErrors (0ms)
				InitializePlatformSupportModulesInManaged (10ms)
				SetLoadedEditorAssemblies (1ms)
				RefreshPlugins (1ms)
				BeforeProcessingInitializeOnLoad (164ms)
				ProcessInitializeOnLoadAttributes (320ms)
				ProcessInitializeOnLoadMethodAttributes (13ms)
				AfterProcessingInitializeOnLoad (11ms)
				EditorAssembliesLoaded (0ms)
			ExecutionOrderSort2 (0ms)
			AwakeInstancesAfterBackupRestoration (19ms)
Platform modules already initialized, skipping
Refreshing native plugins compatible for Editor in 0.78 ms, found 3 plugins.
Preloading 0 native plugins for Editor in 0.00 ms.
Unloading 2083 Unused Serialized files (Serialized files now loaded: 0)
System memory in use before: 96.7 MB.
System memory in use after: 96.9 MB.

Unloading 14 unused Assets to reduce memory usage. Loaded Objects now: 2561.
Total: 4.616900 ms (FindLiveObjects: 0.308300 ms CreateObjectMapping: 0.182400 ms MarkObjects: 4.096400 ms  DeleteObjects: 0.028500 ms)

AssetImportParameters requested are different than current active one (requested -> active):
  custom:framework-win-MediaFoundation: 216162199b28c13a410421893ffa2e32 -> 
  custom:video-decoder-ogg-theora: a1e56fd34408186e4bbccfd4996cb3dc -> 
  custom:container-muxer-webm: aa71ff27fc2769a1b78a27578f13a17b -> 
  custom:container-demuxer-webm: 4f35f7cbe854078d1ac9338744f61a02 -> 
  custom:container-demuxer-ogg: 62fdf1f143b41e24485cea50d1cbac27 -> 
  custom:video-encoder-webm-vp8: eb34c28f22e8b96e1ab97ce403110664 -> 
  custom:video-codec-MediaFoundation-h265: 746d11721c4dcdbdad8f713fa42b33f4 -> 
  custom:video-decoder-webm-vp8: 9c59270c3fd7afecdb556c50c9e8de78 -> 
  custom:audio-decoder-ogg-vorbis: bf7c407c2cedff20999df2af8eb42d56 -> 
  custom:audio-encoder-webm-vorbis: bf7c407c2cedff20999df2af8eb42d56 -> 
========================================================================
Received Import Request.
  Time since last request: 172.500557 seconds.
  path: Assets/animations/idle.anim
  artifactKey: Guid(f422aaa5b06edb44bb875a96ea12ae16) Importer(815301076,1909f56bfc062723c751e8b465ee728b)
Start importing Assets/animations/idle.anim using Guid(f422aaa5b06edb44bb875a96ea12ae16) Importer(815301076,1909f56bfc062723c751e8b465ee728b)  -> (artifact id: '878e54fb2e8fe1c3062faa07ff7fa378') in 0.033392 seconds 
  Import took 0.040837 seconds .

========================================================================
Received Import Request.
  Time since last request: 45.895105 seconds.
  path: Assets/Sprites/New Animation.anim
  artifactKey: Guid(4dda81bf938b06240b816ea191e01a1f) Importer(815301076,1909f56bfc062723c751e8b465ee728b)
Start importing Assets/Sprites/New Animation.anim using Guid(4dda81bf938b06240b816ea191e01a1f) Importer(815301076,1909f56bfc062723c751e8b465ee728b)  -> (artifact id: 'ed0e17efbe0a1c0092950c20003c023b') in 0.015138 seconds 
  Import took 0.021367 seconds .

========================================================================
Received Prepare
Registering precompiled user dll's ...
Registered in 0.006101 seconds.
Begin MonoManager ReloadAssembly
Native extension for WindowsStandalone target not found
Refreshing native plugins compatible for Editor in 1.15 ms, found 3 plugins.
Preloading 0 native plugins for Editor in 0.00 ms.
Mono: successfully reloaded assembly
- Completed reload, in  1.525 seconds
Domain Reload Profiling:
	ReloadAssembly (1526ms)
		BeginReloadAssembly (157ms)
			ExecutionOrderSort (0ms)
			DisableScriptedObjects (9ms)
			BackupInstance (0ms)
			ReleaseScriptingObjects (0ms)
			CreateAndSetChildDomain (52ms)
		EndReloadAssembly (1263ms)
			LoadAssemblies (133ms)
			RebuildTransferFunctionScriptingTraits (0ms)
			SetupTypeCache (457ms)
			ReleaseScriptCaches (1ms)
			RebuildScriptCaches (69ms)
			SetupLoadedEditorAssemblies (447ms)
				LogAssemblyErrors (0ms)
				InitializePlatformSupportModulesInManaged (6ms)
				SetLoadedEditorAssemblies (1ms)
				RefreshPlugins (1ms)
				BeforeProcessingInitializeOnLoad (136ms)
				ProcessInitializeOnLoadAttributes (286ms)
				ProcessInitializeOnLoadMethodAttributes (8ms)
				AfterProcessingInitializeOnLoad (10ms)
				EditorAssembliesLoaded (0ms)
			ExecutionOrderSort2 (0ms)
			AwakeInstancesAfterBackupRestoration (18ms)
Platform modules already initialized, skipping
Refreshing native plugins compatible for Editor in 0.56 ms, found 3 plugins.
Preloading 0 native plugins for Editor in 0.00 ms.
Unloading 2083 Unused Serialized files (Serialized files now loaded: 0)
System memory in use before: 96.8 MB.
System memory in use after: 96.9 MB.

Unloading 14 unused Assets to reduce memory usage. Loaded Objects now: 2564.
Total: 6.071200 ms (FindLiveObjects: 0.256700 ms CreateObjectMapping: 0.087800 ms MarkObjects: 5.695500 ms  DeleteObjects: 0.029200 ms)

AssetImportParameters requested are different than current active one (requested -> active):
  custom:framework-win-MediaFoundation: 216162199b28c13a410421893ffa2e32 -> 
  custom:video-decoder-ogg-theora: a1e56fd34408186e4bbccfd4996cb3dc -> 
  custom:container-muxer-webm: aa71ff27fc2769a1b78a27578f13a17b -> 
  custom:container-demuxer-webm: 4f35f7cbe854078d1ac9338744f61a02 -> 
  custom:container-demuxer-ogg: 62fdf1f143b41e24485cea50d1cbac27 -> 
  custom:video-encoder-webm-vp8: eb34c28f22e8b96e1ab97ce403110664 -> 
  custom:video-codec-MediaFoundation-h265: 746d11721c4dcdbdad8f713fa42b33f4 -> 
  custom:video-decoder-webm-vp8: 9c59270c3fd7afecdb556c50c9e8de78 -> 
  custom:audio-decoder-ogg-vorbis: bf7c407c2cedff20999df2af8eb42d56 -> 
  custom:audio-encoder-webm-vorbis: bf7c407c2cedff20999df2af8eb42d56 -> 
========================================================================
Received Prepare
Registering precompiled user dll's ...
Registered in 0.005599 seconds.
Begin MonoManager ReloadAssembly
Native extension for WindowsStandalone target not found
Refreshing native plugins compatible for Editor in 0.88 ms, found 3 plugins.
Preloading 0 native plugins for Editor in 0.00 ms.
Mono: successfully reloaded assembly
- Completed reload, in  1.753 seconds
Domain Reload Profiling:
	ReloadAssembly (1754ms)
		BeginReloadAssembly (213ms)
			ExecutionOrderSort (0ms)
			DisableScriptedObjects (10ms)
			BackupInstance (0ms)
			ReleaseScriptingObjects (0ms)
			CreateAndSetChildDomain (56ms)
		EndReloadAssembly (1340ms)
			LoadAssemblies (219ms)
			RebuildTransferFunctionScriptingTraits (0ms)
			SetupTypeCache (452ms)
			ReleaseScriptCaches (1ms)
			RebuildScriptCaches (70ms)
			SetupLoadedEditorAssemblies (475ms)
				LogAssemblyErrors (0ms)
				InitializePlatformSupportModulesInManaged (8ms)
				SetLoadedEditorAssemblies (1ms)
				RefreshPlugins (1ms)
				BeforeProcessingInitializeOnLoad (165ms)
				ProcessInitializeOnLoadAttributes (282ms)
				ProcessInitializeOnLoadMethodAttributes (8ms)
				AfterProcessingInitializeOnLoad (10ms)
				EditorAssembliesLoaded (0ms)
			ExecutionOrderSort2 (0ms)
			AwakeInstancesAfterBackupRestoration (15ms)
Platform modules already initialized, skipping
Refreshing native plugins compatible for Editor in 0.57 ms, found 3 plugins.
Preloading 0 native plugins for Editor in 0.00 ms.
Unloading 2083 Unused Serialized files (Serialized files now loaded: 0)
System memory in use before: 96.8 MB.
System memory in use after: 96.9 MB.

Unloading 14 unused Assets to reduce memory usage. Loaded Objects now: 2567.
Total: 4.008000 ms (FindLiveObjects: 0.287600 ms CreateObjectMapping: 0.102800 ms MarkObjects: 3.589500 ms  DeleteObjects: 0.026600 ms)

AssetImportParameters requested are different than current active one (requested -> active):
  custom:framework-win-MediaFoundation: 216162199b28c13a410421893ffa2e32 -> 
  custom:video-decoder-ogg-theora: a1e56fd34408186e4bbccfd4996cb3dc -> 
  custom:container-muxer-webm: aa71ff27fc2769a1b78a27578f13a17b -> 
  custom:container-demuxer-webm: 4f35f7cbe854078d1ac9338744f61a02 -> 
  custom:container-demuxer-ogg: 62fdf1f143b41e24485cea50d1cbac27 -> 
  custom:video-encoder-webm-vp8: eb34c28f22e8b96e1ab97ce403110664 -> 
  custom:video-codec-MediaFoundation-h265: 746d11721c4dcdbdad8f713fa42b33f4 -> 
  custom:video-decoder-webm-vp8: 9c59270c3fd7afecdb556c50c9e8de78 -> 
  custom:audio-decoder-ogg-vorbis: bf7c407c2cedff20999df2af8eb42d56 -> 
  custom:audio-encoder-webm-vorbis: bf7c407c2cedff20999df2af8eb42d56 -> 
========================================================================
Received Prepare
Registering precompiled user dll's ...
Registered in 0.007586 seconds.
Begin MonoManager ReloadAssembly
Native extension for WindowsStandalone target not found
Refreshing native plugins compatible for Editor in 0.57 ms, found 3 plugins.
Preloading 0 native plugins for Editor in 0.00 ms.
Mono: successfully reloaded assembly
- Completed reload, in  1.693 seconds
Domain Reload Profiling:
	ReloadAssembly (1693ms)
		BeginReloadAssembly (165ms)
			ExecutionOrderSort (0ms)
			DisableScriptedObjects (11ms)
			BackupInstance (0ms)
			ReleaseScriptingObjects (0ms)
			CreateAndSetChildDomain (51ms)
		EndReloadAssembly (1356ms)
			LoadAssemblies (206ms)
			RebuildTransferFunctionScriptingTraits (0ms)
			SetupTypeCache (452ms)
			ReleaseScriptCaches (1ms)
			RebuildScriptCaches (78ms)
			SetupLoadedEditorAssemblies (456ms)
				LogAssemblyErrors (0ms)
				InitializePlatformSupportModulesInManaged (6ms)
				SetLoadedEditorAssemblies (1ms)
				RefreshPlugins (1ms)
				BeforeProcessingInitializeOnLoad (141ms)
				ProcessInitializeOnLoadAttributes (290ms)
				ProcessInitializeOnLoadMethodAttributes (8ms)
				AfterProcessingInitializeOnLoad (10ms)
				EditorAssembliesLoaded (0ms)
			ExecutionOrderSort2 (0ms)
			AwakeInstancesAfterBackupRestoration (15ms)
Platform modules already initialized, skipping
Refreshing native plugins compatible for Editor in 0.72 ms, found 3 plugins.
Preloading 0 native plugins for Editor in 0.00 ms.
Unloading 2083 Unused Serialized files (Serialized files now loaded: 0)
System memory in use before: 96.8 MB.
System memory in use after: 96.9 MB.

Unloading 14 unused Assets to reduce memory usage. Loaded Objects now: 2570.
Total: 4.194400 ms (FindLiveObjects: 0.249500 ms CreateObjectMapping: 0.112800 ms MarkObjects: 3.805700 ms  DeleteObjects: 0.025000 ms)

AssetImportParameters requested are different than current active one (requested -> active):
  custom:framework-win-MediaFoundation: 216162199b28c13a410421893ffa2e32 -> 
  custom:video-decoder-ogg-theora: a1e56fd34408186e4bbccfd4996cb3dc -> 
  custom:container-muxer-webm: aa71ff27fc2769a1b78a27578f13a17b -> 
  custom:container-demuxer-webm: 4f35f7cbe854078d1ac9338744f61a02 -> 
  custom:container-demuxer-ogg: 62fdf1f143b41e24485cea50d1cbac27 -> 
  custom:video-encoder-webm-vp8: eb34c28f22e8b96e1ab97ce403110664 -> 
  custom:video-codec-MediaFoundation-h265: 746d11721c4dcdbdad8f713fa42b33f4 -> 
  custom:video-decoder-webm-vp8: 9c59270c3fd7afecdb556c50c9e8de78 -> 
  custom:audio-decoder-ogg-vorbis: bf7c407c2cedff20999df2af8eb42d56 -> 
  custom:audio-encoder-webm-vorbis: bf7c407c2cedff20999df2af8eb42d56 -> 
========================================================================
Received Prepare
Registering precompiled user dll's ...
Registered in 0.006005 seconds.
Begin MonoManager ReloadAssembly
Native extension for WindowsStandalone target not found
Refreshing native plugins compatible for Editor in 0.96 ms, found 3 plugins.
Preloading 0 native plugins for Editor in 0.00 ms.
Mono: successfully reloaded assembly
- Completed reload, in  1.710 seconds
Domain Reload Profiling:
	ReloadAssembly (1711ms)
		BeginReloadAssembly (164ms)
			ExecutionOrderSort (0ms)
			DisableScriptedObjects (8ms)
			BackupInstance (0ms)
			ReleaseScriptingObjects (0ms)
			CreateAndSetChildDomain (49ms)
		EndReloadAssembly (1454ms)
			LoadAssemblies (158ms)
			RebuildTransferFunctionScriptingTraits (0ms)
			SetupTypeCache (519ms)
			ReleaseScriptCaches (1ms)
			RebuildScriptCaches (80ms)
			SetupLoadedEditorAssemblies (458ms)
				LogAssemblyErrors (0ms)
				InitializePlatformSupportModulesInManaged (6ms)
				SetLoadedEditorAssemblies (1ms)
				RefreshPlugins (1ms)
				BeforeProcessingInitializeOnLoad (152ms)
				ProcessInitializeOnLoadAttributes (278ms)
				ProcessInitializeOnLoadMethodAttributes (10ms)
				AfterProcessingInitializeOnLoad (10ms)
				EditorAssembliesLoaded (0ms)
			ExecutionOrderSort2 (0ms)
			AwakeInstancesAfterBackupRestoration (17ms)
Platform modules already initialized, skipping
Refreshing native plugins compatible for Editor in 0.75 ms, found 3 plugins.
Preloading 0 native plugins for Editor in 0.00 ms.
Unloading 2083 Unused Serialized files (Serialized files now loaded: 0)
System memory in use before: 96.8 MB.
System memory in use after: 96.9 MB.

Unloading 14 unused Assets to reduce memory usage. Loaded Objects now: 2573.
Total: 4.706700 ms (FindLiveObjects: 0.278500 ms CreateObjectMapping: 0.103200 ms MarkObjects: 4.289200 ms  DeleteObjects: 0.033800 ms)

AssetImportParameters requested are different than current active one (requested -> active):
  custom:framework-win-MediaFoundation: 216162199b28c13a410421893ffa2e32 -> 
  custom:video-decoder-ogg-theora: a1e56fd34408186e4bbccfd4996cb3dc -> 
  custom:container-muxer-webm: aa71ff27fc2769a1b78a27578f13a17b -> 
  custom:container-demuxer-webm: 4f35f7cbe854078d1ac9338744f61a02 -> 
  custom:container-demuxer-ogg: 62fdf1f143b41e24485cea50d1cbac27 -> 
  custom:video-encoder-webm-vp8: eb34c28f22e8b96e1ab97ce403110664 -> 
  custom:video-codec-MediaFoundation-h265: 746d11721c4dcdbdad8f713fa42b33f4 -> 
  custom:video-decoder-webm-vp8: 9c59270c3fd7afecdb556c50c9e8de78 -> 
  custom:audio-decoder-ogg-vorbis: bf7c407c2cedff20999df2af8eb42d56 -> 
  custom:audio-encoder-webm-vorbis: bf7c407c2cedff20999df2af8eb42d56 -> 
========================================================================
Received Prepare
Registering precompiled user dll's ...
Registered in 0.005807 seconds.
Begin MonoManager ReloadAssembly
Native extension for WindowsStandalone target not found
Refreshing native plugins compatible for Editor in 0.67 ms, found 3 plugins.
Preloading 0 native plugins for Editor in 0.00 ms.
Mono: successfully reloaded assembly
- Completed reload, in  1.616 seconds
Domain Reload Profiling:
	ReloadAssembly (1616ms)
		BeginReloadAssembly (155ms)
			ExecutionOrderSort (0ms)
			DisableScriptedObjects (9ms)
			BackupInstance (0ms)
			ReleaseScriptingObjects (0ms)
			CreateAndSetChildDomain (44ms)
		EndReloadAssembly (1360ms)
			LoadAssemblies (213ms)
			RebuildTransferFunctionScriptingTraits (0ms)
			SetupTypeCache (468ms)
			ReleaseScriptCaches (1ms)
			RebuildScriptCaches (64ms)
			SetupLoadedEditorAssemblies (443ms)
				LogAssemblyErrors (0ms)
				InitializePlatformSupportModulesInManaged (6ms)
				SetLoadedEditorAssemblies (1ms)
				RefreshPlugins (1ms)
				BeforeProcessingInitializeOnLoad (146ms)
				ProcessInitializeOnLoadAttributes (266ms)
				ProcessInitializeOnLoadMethodAttributes (11ms)
				AfterProcessingInitializeOnLoad (12ms)
				EditorAssembliesLoaded (0ms)
			ExecutionOrderSort2 (0ms)
			AwakeInstancesAfterBackupRestoration (18ms)
Platform modules already initialized, skipping
Refreshing native plugins compatible for Editor in 0.55 ms, found 3 plugins.
Preloading 0 native plugins for Editor in 0.00 ms.
Unloading 2083 Unused Serialized files (Serialized files now loaded: 0)
System memory in use before: 96.8 MB.
System memory in use after: 96.9 MB.

Unloading 14 unused Assets to reduce memory usage. Loaded Objects now: 2576.
Total: 4.351300 ms (FindLiveObjects: 0.282600 ms CreateObjectMapping: 0.113600 ms MarkObjects: 3.921000 ms  DeleteObjects: 0.032200 ms)

AssetImportParameters requested are different than current active one (requested -> active):
  custom:framework-win-MediaFoundation: 216162199b28c13a410421893ffa2e32 -> 
  custom:video-decoder-ogg-theora: a1e56fd34408186e4bbccfd4996cb3dc -> 
  custom:container-muxer-webm: aa71ff27fc2769a1b78a27578f13a17b -> 
  custom:container-demuxer-webm: 4f35f7cbe854078d1ac9338744f61a02 -> 
  custom:container-demuxer-ogg: 62fdf1f143b41e24485cea50d1cbac27 -> 
  custom:video-encoder-webm-vp8: eb34c28f22e8b96e1ab97ce403110664 -> 
  custom:video-codec-MediaFoundation-h265: 746d11721c4dcdbdad8f713fa42b33f4 -> 
  custom:video-decoder-webm-vp8: 9c59270c3fd7afecdb556c50c9e8de78 -> 
  custom:audio-decoder-ogg-vorbis: bf7c407c2cedff20999df2af8eb42d56 -> 
  custom:audio-encoder-webm-vorbis: bf7c407c2cedff20999df2af8eb42d56 -> 
========================================================================
Received Prepare
Registering precompiled user dll's ...
Registered in 0.005600 seconds.
Begin MonoManager ReloadAssembly
Native extension for WindowsStandalone target not found
Refreshing native plugins compatible for Editor in 0.55 ms, found 3 plugins.
Preloading 0 native plugins for Editor in 0.00 ms.
Mono: successfully reloaded assembly
- Completed reload, in  1.703 seconds
Domain Reload Profiling:
	ReloadAssembly (1704ms)
		BeginReloadAssembly (169ms)
			ExecutionOrderSort (0ms)
			DisableScriptedObjects (13ms)
			BackupInstance (0ms)
			ReleaseScriptingObjects (0ms)
			CreateAndSetChildDomain (45ms)
		EndReloadAssembly (1377ms)
			LoadAssemblies (208ms)
			RebuildTransferFunctionScriptingTraits (0ms)
			SetupTypeCache (476ms)
			ReleaseScriptCaches (1ms)
			RebuildScriptCaches (72ms)
			SetupLoadedEditorAssemblies (457ms)
				LogAssemblyErrors (0ms)
				InitializePlatformSupportModulesInManaged (7ms)
				SetLoadedEditorAssemblies (1ms)
				RefreshPlugins (1ms)
				BeforeProcessingInitializeOnLoad (153ms)
				ProcessInitializeOnLoadAttributes (277ms)
				ProcessInitializeOnLoadMethodAttributes (8ms)
				AfterProcessingInitializeOnLoad (11ms)
				EditorAssembliesLoaded (0ms)
			ExecutionOrderSort2 (0ms)
			AwakeInstancesAfterBackupRestoration (19ms)
Platform modules already initialized, skipping
Refreshing native plugins compatible for Editor in 0.64 ms, found 3 plugins.
Preloading 0 native plugins for Editor in 0.00 ms.
Unloading 2083 Unused Serialized files (Serialized files now loaded: 0)
System memory in use before: 96.8 MB.
System memory in use after: 97.0 MB.

Unloading 14 unused Assets to reduce memory usage. Loaded Objects now: 2579.
Total: 5.231100 ms (FindLiveObjects: 0.376000 ms CreateObjectMapping: 0.153000 ms MarkObjects: 4.670100 ms  DeleteObjects: 0.030100 ms)

AssetImportParameters requested are different than current active one (requested -> active):
  custom:framework-win-MediaFoundation: 216162199b28c13a410421893ffa2e32 -> 
  custom:video-decoder-ogg-theora: a1e56fd34408186e4bbccfd4996cb3dc -> 
  custom:container-muxer-webm: aa71ff27fc2769a1b78a27578f13a17b -> 
  custom:container-demuxer-webm: 4f35f7cbe854078d1ac9338744f61a02 -> 
  custom:container-demuxer-ogg: 62fdf1f143b41e24485cea50d1cbac27 -> 
  custom:video-encoder-webm-vp8: eb34c28f22e8b96e1ab97ce403110664 -> 
  custom:video-codec-MediaFoundation-h265: 746d11721c4dcdbdad8f713fa42b33f4 -> 
  custom:video-decoder-webm-vp8: 9c59270c3fd7afecdb556c50c9e8de78 -> 
  custom:audio-decoder-ogg-vorbis: bf7c407c2cedff20999df2af8eb42d56 -> 
  custom:audio-encoder-webm-vorbis: bf7c407c2cedff20999df2af8eb42d56 -> 
========================================================================
Received Prepare
Registering precompiled user dll's ...
Registered in 0.006101 seconds.
Begin MonoManager ReloadAssembly
Native extension for WindowsStandalone target not found
Refreshing native plugins compatible for Editor in 0.98 ms, found 3 plugins.
Preloading 0 native plugins for Editor in 0.00 ms.
Mono: successfully reloaded assembly
- Completed reload, in  1.671 seconds
Domain Reload Profiling:
	ReloadAssembly (1672ms)
		BeginReloadAssembly (174ms)
			ExecutionOrderSort (0ms)
			DisableScriptedObjects (9ms)
			BackupInstance (0ms)
			ReleaseScriptingObjects (0ms)
			CreateAndSetChildDomain (53ms)
		EndReloadAssembly (1257ms)
			LoadAssemblies (165ms)
			RebuildTransferFunctionScriptingTraits (0ms)
			SetupTypeCache (444ms)
			ReleaseScriptCaches (2ms)
			RebuildScriptCaches (64ms)
			SetupLoadedEditorAssemblies (433ms)
				LogAssemblyErrors (0ms)
				InitializePlatformSupportModulesInManaged (7ms)
				SetLoadedEditorAssemblies (1ms)
				RefreshPlugins (1ms)
				BeforeProcessingInitializeOnLoad (134ms)
				ProcessInitializeOnLoadAttributes (271ms)
				ProcessInitializeOnLoadMethodAttributes (9ms)
				AfterProcessingInitializeOnLoad (10ms)
				EditorAssembliesLoaded (0ms)
			ExecutionOrderSort2 (0ms)
			AwakeInstancesAfterBackupRestoration (14ms)
Platform modules already initialized, skipping
Refreshing native plugins compatible for Editor in 0.93 ms, found 3 plugins.
Preloading 0 native plugins for Editor in 0.00 ms.
Unloading 2083 Unused Serialized files (Serialized files now loaded: 0)
System memory in use before: 96.8 MB.
System memory in use after: 97.0 MB.

Unloading 14 unused Assets to reduce memory usage. Loaded Objects now: 2582.
Total: 4.247300 ms (FindLiveObjects: 0.338000 ms CreateObjectMapping: 0.182200 ms MarkObjects: 3.691700 ms  DeleteObjects: 0.033800 ms)

AssetImportParameters requested are different than current active one (requested -> active):
  custom:framework-win-MediaFoundation: 216162199b28c13a410421893ffa2e32 -> 
  custom:video-decoder-ogg-theora: a1e56fd34408186e4bbccfd4996cb3dc -> 
  custom:container-muxer-webm: aa71ff27fc2769a1b78a27578f13a17b -> 
  custom:container-demuxer-webm: 4f35f7cbe854078d1ac9338744f61a02 -> 
  custom:container-demuxer-ogg: 62fdf1f143b41e24485cea50d1cbac27 -> 
  custom:video-encoder-webm-vp8: eb34c28f22e8b96e1ab97ce403110664 -> 
  custom:video-codec-MediaFoundation-h265: 746d11721c4dcdbdad8f713fa42b33f4 -> 
  custom:video-decoder-webm-vp8: 9c59270c3fd7afecdb556c50c9e8de78 -> 
  custom:audio-decoder-ogg-vorbis: bf7c407c2cedff20999df2af8eb42d56 -> 
  custom:audio-encoder-webm-vorbis: bf7c407c2cedff20999df2af8eb42d56 -> 
========================================================================
Received Prepare
Registering precompiled user dll's ...
Registered in 0.005561 seconds.
Begin MonoManager ReloadAssembly
Native extension for WindowsStandalone target not found
Refreshing native plugins compatible for Editor in 1.06 ms, found 3 plugins.
Preloading 0 native plugins for Editor in 0.00 ms.
Mono: successfully reloaded assembly
- Completed reload, in  1.721 seconds
Domain Reload Profiling:
	ReloadAssembly (1721ms)
		BeginReloadAssembly (174ms)
			ExecutionOrderSort (0ms)
			DisableScriptedObjects (14ms)
			BackupInstance (0ms)
			ReleaseScriptingObjects (0ms)
			CreateAndSetChildDomain (47ms)
		EndReloadAssembly (1440ms)
			LoadAssemblies (148ms)
			RebuildTransferFunctionScriptingTraits (0ms)
			SetupTypeCache (610ms)
			ReleaseScriptCaches (2ms)
			RebuildScriptCaches (67ms)
			SetupLoadedEditorAssemblies (455ms)
				LogAssemblyErrors (0ms)
				InitializePlatformSupportModulesInManaged (8ms)
				SetLoadedEditorAssemblies (1ms)
				RefreshPlugins (1ms)
				BeforeProcessingInitializeOnLoad (146ms)
				ProcessInitializeOnLoadAttributes (276ms)
				ProcessInitializeOnLoadMethodAttributes (11ms)
				AfterProcessingInitializeOnLoad (11ms)
				EditorAssembliesLoaded (0ms)
			ExecutionOrderSort2 (0ms)
			AwakeInstancesAfterBackupRestoration (14ms)
Platform modules already initialized, skipping
Refreshing native plugins compatible for Editor in 0.62 ms, found 3 plugins.
Preloading 0 native plugins for Editor in 0.00 ms.
Unloading 2083 Unused Serialized files (Serialized files now loaded: 0)
System memory in use before: 96.9 MB.
System memory in use after: 97.0 MB.

Unloading 14 unused Assets to reduce memory usage. Loaded Objects now: 2585.
Total: 4.296400 ms (FindLiveObjects: 0.279700 ms CreateObjectMapping: 0.128500 ms MarkObjects: 3.861100 ms  DeleteObjects: 0.025600 ms)

AssetImportParameters requested are different than current active one (requested -> active):
  custom:framework-win-MediaFoundation: 216162199b28c13a410421893ffa2e32 -> 
  custom:video-decoder-ogg-theora: a1e56fd34408186e4bbccfd4996cb3dc -> 
  custom:container-muxer-webm: aa71ff27fc2769a1b78a27578f13a17b -> 
  custom:container-demuxer-webm: 4f35f7cbe854078d1ac9338744f61a02 -> 
  custom:container-demuxer-ogg: 62fdf1f143b41e24485cea50d1cbac27 -> 
  custom:video-encoder-webm-vp8: eb34c28f22e8b96e1ab97ce403110664 -> 
  custom:video-codec-MediaFoundation-h265: 746d11721c4dcdbdad8f713fa42b33f4 -> 
  custom:video-decoder-webm-vp8: 9c59270c3fd7afecdb556c50c9e8de78 -> 
  custom:audio-decoder-ogg-vorbis: bf7c407c2cedff20999df2af8eb42d56 -> 
  custom:audio-encoder-webm-vorbis: bf7c407c2cedff20999df2af8eb42d56 -> 
========================================================================
Received Prepare
Registering precompiled user dll's ...
Registered in 0.007256 seconds.
Begin MonoManager ReloadAssembly
Native extension for WindowsStandalone target not found
Refreshing native plugins compatible for Editor in 1.10 ms, found 3 plugins.
Preloading 0 native plugins for Editor in 0.00 ms.
Mono: successfully reloaded assembly
- Completed reload, in  1.710 seconds
Domain Reload Profiling:
	ReloadAssembly (1710ms)
		BeginReloadAssembly (266ms)
			ExecutionOrderSort (0ms)
			DisableScriptedObjects (8ms)
			BackupInstance (0ms)
			ReleaseScriptingObjects (0ms)
			CreateAndSetChildDomain (51ms)
		EndReloadAssembly (1264ms)
			LoadAssemblies (246ms)
			RebuildTransferFunctionScriptingTraits (0ms)
			SetupTypeCache (443ms)
			ReleaseScriptCaches (1ms)
			RebuildScriptCaches (64ms)
			SetupLoadedEditorAssemblies (455ms)
				LogAssemblyErrors (0ms)
				InitializePlatformSupportModulesInManaged (9ms)
				SetLoadedEditorAssemblies (1ms)
				RefreshPlugins (1ms)
				BeforeProcessingInitializeOnLoad (146ms)
				ProcessInitializeOnLoadAttributes (278ms)
				ProcessInitializeOnLoadMethodAttributes (9ms)
				AfterProcessingInitializeOnLoad (10ms)
				EditorAssembliesLoaded (0ms)
			ExecutionOrderSort2 (0ms)
			AwakeInstancesAfterBackupRestoration (20ms)
Platform modules already initialized, skipping
Refreshing native plugins compatible for Editor in 0.60 ms, found 3 plugins.
Preloading 0 native plugins for Editor in 0.00 ms.
Unloading 2083 Unused Serialized files (Serialized files now loaded: 0)
System memory in use before: 96.9 MB.
System memory in use after: 97.0 MB.

Unloading 14 unused Assets to reduce memory usage. Loaded Objects now: 2588.
Total: 5.602900 ms (FindLiveObjects: 0.437700 ms CreateObjectMapping: 0.181200 ms MarkObjects: 4.953200 ms  DeleteObjects: 0.028900 ms)

AssetImportParameters requested are different than current active one (requested -> active):
  custom:framework-win-MediaFoundation: 216162199b28c13a410421893ffa2e32 -> 
  custom:video-decoder-ogg-theora: a1e56fd34408186e4bbccfd4996cb3dc -> 
  custom:container-muxer-webm: aa71ff27fc2769a1b78a27578f13a17b -> 
  custom:container-demuxer-webm: 4f35f7cbe854078d1ac9338744f61a02 -> 
  custom:container-demuxer-ogg: 62fdf1f143b41e24485cea50d1cbac27 -> 
  custom:video-encoder-webm-vp8: eb34c28f22e8b96e1ab97ce403110664 -> 
  custom:video-codec-MediaFoundation-h265: 746d11721c4dcdbdad8f713fa42b33f4 -> 
  custom:video-decoder-webm-vp8: 9c59270c3fd7afecdb556c50c9e8de78 -> 
  custom:audio-decoder-ogg-vorbis: bf7c407c2cedff20999df2af8eb42d56 -> 
  custom:audio-encoder-webm-vorbis: bf7c407c2cedff20999df2af8eb42d56 -> 
========================================================================
Received Prepare
Registering precompiled user dll's ...
Registered in 0.006305 seconds.
Begin MonoManager ReloadAssembly
Native extension for WindowsStandalone target not found
Refreshing native plugins compatible for Editor in 0.56 ms, found 3 plugins.
Preloading 0 native plugins for Editor in 0.00 ms.
Mono: successfully reloaded assembly
- Completed reload, in  1.994 seconds
Domain Reload Profiling:
	ReloadAssembly (1994ms)
		BeginReloadAssembly (186ms)
			ExecutionOrderSort (0ms)
			DisableScriptedObjects (9ms)
			BackupInstance (0ms)
			ReleaseScriptingObjects (0ms)
			CreateAndSetChildDomain (50ms)
		EndReloadAssembly (1692ms)
			LoadAssemblies (274ms)
			RebuildTransferFunctionScriptingTraits (0ms)
			SetupTypeCache (472ms)
			ReleaseScriptCaches (1ms)
			RebuildScriptCaches (225ms)
			SetupLoadedEditorAssemblies (538ms)
				LogAssemblyErrors (0ms)
				InitializePlatformSupportModulesInManaged (6ms)
				SetLoadedEditorAssemblies (1ms)
				RefreshPlugins (1ms)
				BeforeProcessingInitializeOnLoad (161ms)
				ProcessInitializeOnLoadAttributes (351ms)
				ProcessInitializeOnLoadMethodAttributes (8ms)
				AfterProcessingInitializeOnLoad (10ms)
				EditorAssembliesLoaded (0ms)
			ExecutionOrderSort2 (0ms)
			AwakeInstancesAfterBackupRestoration (15ms)
Platform modules already initialized, skipping
Refreshing native plugins compatible for Editor in 0.57 ms, found 3 plugins.
Preloading 0 native plugins for Editor in 0.00 ms.
Unloading 2083 Unused Serialized files (Serialized files now loaded: 0)
System memory in use before: 96.9 MB.
System memory in use after: 97.0 MB.

Unloading 14 unused Assets to reduce memory usage. Loaded Objects now: 2591.
Total: 4.442100 ms (FindLiveObjects: 0.270400 ms CreateObjectMapping: 0.106900 ms MarkObjects: 3.636200 ms  DeleteObjects: 0.427100 ms)

AssetImportParameters requested are different than current active one (requested -> active):
  custom:framework-win-MediaFoundation: 216162199b28c13a410421893ffa2e32 -> 
  custom:video-decoder-ogg-theora: a1e56fd34408186e4bbccfd4996cb3dc -> 
  custom:container-muxer-webm: aa71ff27fc2769a1b78a27578f13a17b -> 
  custom:container-demuxer-webm: 4f35f7cbe854078d1ac9338744f61a02 -> 
  custom:container-demuxer-ogg: 62fdf1f143b41e24485cea50d1cbac27 -> 
  custom:video-encoder-webm-vp8: eb34c28f22e8b96e1ab97ce403110664 -> 
  custom:video-codec-MediaFoundation-h265: 746d11721c4dcdbdad8f713fa42b33f4 -> 
  custom:video-decoder-webm-vp8: 9c59270c3fd7afecdb556c50c9e8de78 -> 
  custom:audio-decoder-ogg-vorbis: bf7c407c2cedff20999df2af8eb42d56 -> 
  custom:audio-encoder-webm-vorbis: bf7c407c2cedff20999df2af8eb42d56 -> 
========================================================================
Received Prepare
Refreshing native plugins compatible for Editor in 5.57 ms, found 3 plugins.
Preloading 0 native plugins for Editor in 0.00 ms.
Unloading 12 Unused Serialized files (Serialized files now loaded: 0)
System memory in use before: 56.0 MB.
System memory in use after: 56.1 MB.

Unloading 12 unused Assets to reduce memory usage. Loaded Objects now: 2591.
Total: 4.154100 ms (FindLiveObjects: 0.268700 ms CreateObjectMapping: 0.104000 ms MarkObjects: 3.756900 ms  DeleteObjects: 0.023500 ms)

AssetImportParameters requested are different than current active one (requested -> active):
  custom:framework-win-MediaFoundation: 216162199b28c13a410421893ffa2e32 -> 
  custom:video-decoder-ogg-theora: a1e56fd34408186e4bbccfd4996cb3dc -> 
  custom:container-muxer-webm: aa71ff27fc2769a1b78a27578f13a17b -> 
  custom:container-demuxer-webm: 4f35f7cbe854078d1ac9338744f61a02 -> 
  custom:container-demuxer-ogg: 62fdf1f143b41e24485cea50d1cbac27 -> 
  custom:video-encoder-webm-vp8: eb34c28f22e8b96e1ab97ce403110664 -> 
  custom:video-codec-MediaFoundation-h265: 746d11721c4dcdbdad8f713fa42b33f4 -> 
  custom:video-decoder-webm-vp8: 9c59270c3fd7afecdb556c50c9e8de78 -> 
  custom:audio-decoder-ogg-vorbis: bf7c407c2cedff20999df2af8eb42d56 -> 
  custom:audio-encoder-webm-vorbis: bf7c407c2cedff20999df2af8eb42d56 -> 
AssetImportWorkerClient::OnTransportError - code=2 error=End of file
